2018-08-27 11:47:19.447  INFO 6880 --- [main] com.demo.DemoApplication                 : Starting DemoApplication on pcdalao-PC with PID 6880 (F:\code-demo\demo\target\classes started by pcdalao in F:\code-demo)
2018-08-27 11:47:19.452  INFO 6880 --- [main] com.demo.DemoApplication                 : No active profile set, falling back to default profiles: default
2018-08-27 11:47:19.491  INFO 6880 --- [main] ConfigServletWebServerApplicationContext : Refreshing org.springframework.boot.web.servlet.context.AnnotationConfigServletWebServerApplicationContext@55141def: startup date [Mon Aug 27 11:47:19 CST 2018]; root of context hierarchy
2018-08-27 11:47:20.243  INFO 6880 --- [main] trationDelegate$BeanPostProcessorChecker : Bean 'org.springframework.transaction.annotation.ProxyTransactionManagementConfiguration' of type [org.springframework.transaction.annotation.ProxyTransactionManagementConfiguration$$EnhancerBySpringCGLIB$$c47c5921] is not eligible for getting processed by all BeanPostProcessors (for example: not eligible for auto-proxying)
2018-08-27 11:47:20.494  INFO 6880 --- [main] o.s.b.w.embedded.tomcat.TomcatWebServer  : Tomcat initialized with port(s): 8080 (http)
2018-08-27 11:47:20.506  INFO 6880 --- [main] o.apache.catalina.core.StandardService   : Starting service [Tomcat]
2018-08-27 11:47:20.506  INFO 6880 --- [main] org.apache.catalina.core.StandardEngine  : Starting Servlet Engine: Apache Tomcat/8.5.32
2018-08-27 11:47:20.509  INFO 6880 --- [localhost-startStop-1] o.a.catalina.core.AprLifecycleListener   : Loaded APR based Apache Tomcat Native library [1.2.17] using APR version [1.6.3].
2018-08-27 11:47:20.509  INFO 6880 --- [localhost-startStop-1] o.a.catalina.core.AprLifecycleListener   : APR capabilities: IPv6 [true], sendfile [true], accept filters [false], random [true].
2018-08-27 11:47:20.509  INFO 6880 --- [localhost-startStop-1] o.a.catalina.core.AprLifecycleListener   : APR/OpenSSL configuration: useAprConnector [false], useOpenSSL [true]
2018-08-27 11:47:21.550  INFO 6880 --- [localhost-startStop-1] o.a.catalina.core.AprLifecycleListener   : OpenSSL successfully initialized [OpenSSL 1.0.2o  27 Mar 2018]
2018-08-27 11:47:21.603  INFO 6880 --- [localhost-startStop-1] o.a.c.c.C.[Tomcat].[localhost].[/demo]   : Initializing Spring embedded WebApplicationContext
2018-08-27 11:47:21.604  INFO 6880 --- [localhost-startStop-1] o.s.web.context.ContextLoader            : Root WebApplicationContext: initialization completed in 2113 ms
2018-08-27 11:47:21.636  INFO 6880 --- [localhost-startStop-1] o.s.b.w.servlet.ServletRegistrationBean  : Servlet dispatcherServlet mapped to [/]
2018-08-27 11:47:21.638  INFO 6880 --- [localhost-startStop-1] o.s.b.w.servlet.FilterRegistrationBean   : Mapping filter: 'characterEncodingFilter' to: [/*]
2018-08-27 11:47:21.638  INFO 6880 --- [localhost-startStop-1] o.s.b.w.servlet.FilterRegistrationBean   : Mapping filter: 'hiddenHttpMethodFilter' to: [/*]
2018-08-27 11:47:21.638  INFO 6880 --- [localhost-startStop-1] o.s.b.w.servlet.FilterRegistrationBean   : Mapping filter: 'httpPutFormContentFilter' to: [/*]
2018-08-27 11:47:21.638  INFO 6880 --- [localhost-startStop-1] o.s.b.w.servlet.FilterRegistrationBean   : Mapping filter: 'requestContextFilter' to: [/*]
2018-08-27 11:47:21.761  INFO 6880 --- [main] com.alibaba.druid.pool.DruidDataSource   : {dataSource-1} inited
2018-08-27 11:47:22.131  INFO 6880 --- [main] j.LocalContainerEntityManagerFactoryBean : Building JPA container EntityManagerFactory for persistence unit 'default'
2018-08-27 11:47:22.138  INFO 6880 --- [main] o.hibernate.jpa.internal.util.LogHelper  : HHH000204: Processing PersistenceUnitInfo [
	name: default
	...]
2018-08-27 11:47:22.173  INFO 6880 --- [main] org.hibernate.Version                    : HHH000412: Hibernate Core {5.2.17.Final}
2018-08-27 11:47:22.174  INFO 6880 --- [main] org.hibernate.cfg.Environment            : HHH000206: hibernate.properties not found
2018-08-27 11:47:22.193  INFO 6880 --- [main] o.hibernate.annotations.common.Version   : HCANN000001: Hibernate Commons Annotations {5.0.1.Final}
2018-08-27 11:47:22.249  INFO 6880 --- [main] org.hibernate.dialect.Dialect            : HHH000400: Using dialect: org.hibernate.dialect.MySQL5Dialect
2018-08-27 11:47:22.469  INFO 6880 --- [main] j.LocalContainerEntityManagerFactoryBean : Initialized JPA EntityManagerFactory for persistence unit 'default'
2018-08-27 11:47:22.614  INFO 6880 --- [main] o.h.h.i.QueryTranslatorFactoryInitiator  : HHH000397: Using ASTQueryTranslatorFactory
2018-08-27 11:47:22.698  INFO 6880 --- [main] o.s.w.s.handler.SimpleUrlHandlerMapping  : Mapped URL path [/**/favicon.ico] onto handler of type [class org.springframework.web.servlet.resource.ResourceHttpRequestHandler]
2018-08-27 11:47:22.833  INFO 6880 --- [main] s.w.s.m.m.a.RequestMappingHandlerAdapter : Looking for @ControllerAdvice: org.springframework.boot.web.servlet.context.AnnotationConfigServletWebServerApplicationContext@55141def: startup date [Mon Aug 27 11:47:19 CST 2018]; root of context hierarchy
2018-08-27 11:47:22.852  WARN 6880 --- [main] aWebConfiguration$JpaWebMvcConfiguration : spring.jpa.open-in-view is enabled by default. Therefore, database queries may be performed during view rendering. Explicitly configure spring.jpa.open-in-view to disable this warning
2018-08-27 11:47:22.873  INFO 6880 --- [main] s.w.s.m.m.a.RequestMappingHandlerMapping : Mapped "{[/gsc/deleteNode],methods=[POST]}" onto public com.demo.reponse.ResponseVO com.demo.controller.GscController.deleteNode(com.demo.request.GscRequest)
2018-08-27 11:47:22.874  INFO 6880 --- [main] s.w.s.m.m.a.RequestMappingHandlerMapping : Mapped "{[/gsc/queryNode],methods=[POST]}" onto public com.demo.reponse.ResponseVO<com.demo.request.UpdateGsc> com.demo.controller.GscController.queryNode(com.demo.request.GscRequest)
2018-08-27 11:47:22.875  INFO 6880 --- [main] s.w.s.m.m.a.RequestMappingHandlerMapping : Mapped "{[/gsc/queryNodePage],methods=[POST]}" onto public com.demo.reponse.ResponseVO<com.demo.reponse.gsc.QueryGscPageResponse> com.demo.controller.GscController.queryNodePage(com.demo.request.QueryGscPageRequest)
2018-08-27 11:47:22.875  INFO 6880 --- [main] s.w.s.m.m.a.RequestMappingHandlerMapping : Mapped "{[/gsc/updateNodePage],methods=[POST]}" onto public com.demo.reponse.ResponseVO com.demo.controller.GscController.updateNodePage(com.demo.request.UpdateGsc)
2018-08-27 11:47:22.875  INFO 6880 --- [main] s.w.s.m.m.a.RequestMappingHandlerMapping : Mapped "{[/gsc/addNode],methods=[POST]}" onto public com.demo.reponse.ResponseVO com.demo.controller.GscController.addNode(com.demo.request.AddGscRequest)
2018-08-27 11:47:22.877  INFO 6880 --- [main] s.w.s.m.m.a.RequestMappingHandlerMapping : Mapped "{[/error]}" onto public org.springframework.http.ResponseEntity<java.util.Map<java.lang.String, java.lang.Object>> org.springframework.boot.autoconfigure.web.servlet.error.BasicErrorController.error(javax.servlet.http.HttpServletRequest)
2018-08-27 11:47:22.877  INFO 6880 --- [main] s.w.s.m.m.a.RequestMappingHandlerMapping : Mapped "{[/error],produces=[text/html]}" onto public org.springframework.web.servlet.ModelAndView org.springframework.boot.autoconfigure.web.servlet.error.BasicErrorController.errorHtml(javax.servlet.http.HttpServletRequest,javax.servlet.http.HttpServletResponse)
2018-08-27 11:47:22.892  INFO 6880 --- [main] o.s.w.s.handler.SimpleUrlHandlerMapping  : Mapped URL path [/webjars/**] onto handler of type [class org.springframework.web.servlet.resource.ResourceHttpRequestHandler]
2018-08-27 11:47:22.892  INFO 6880 --- [main] o.s.w.s.handler.SimpleUrlHandlerMapping  : Mapped URL path [/**] onto handler of type [class org.springframework.web.servlet.resource.ResourceHttpRequestHandler]
2018-08-27 11:47:22.925  WARN 6880 --- [main] ion$DefaultTemplateResolverConfiguration : Cannot find template location: classpath:/templates/ (please add some templates or check your Thymeleaf configuration)
2018-08-27 11:47:23.082  INFO 6880 --- [main] o.s.j.e.a.AnnotationMBeanExporter        : Registering beans for JMX exposure on startup
2018-08-27 11:47:23.083  INFO 6880 --- [main] o.s.j.e.a.AnnotationMBeanExporter        : Bean with name 'dataSource' has been autodetected for JMX exposure
2018-08-27 11:47:23.086  INFO 6880 --- [main] o.s.j.e.a.AnnotationMBeanExporter        : Located MBean 'dataSource': registering with JMX server as MBean [com.alibaba.druid.pool:name=dataSource,type=DruidDataSource]
2018-08-27 11:47:23.106  INFO 6880 --- [main] o.s.b.w.embedded.tomcat.TomcatWebServer  : Tomcat started on port(s): 8080 (http) with context path '/demo'
2018-08-27 11:47:23.108  INFO 6880 --- [main] com.demo.DemoApplication                 : Started DemoApplication in 3.951 seconds (JVM running for 4.381)
2018-08-27 14:51:34.922  INFO 6880 --- [http-nio-8080-exec-1] o.a.c.c.C.[Tomcat].[localhost].[/demo]   : Initializing Spring FrameworkServlet 'dispatcherServlet'
2018-08-27 14:51:34.922  INFO 6880 --- [http-nio-8080-exec-1] o.s.web.servlet.DispatcherServlet        : FrameworkServlet 'dispatcherServlet': initialization started
2018-08-27 14:51:34.931  INFO 6880 --- [http-nio-8080-exec-1] o.s.web.servlet.DispatcherServlet        : FrameworkServlet 'dispatcherServlet': initialization completed in 9 ms
2018-08-27 14:51:34.940  WARN 6880 --- [http-nio-8080-exec-1] o.s.web.servlet.PageNotFound             : Request method 'GET' not supported
2018-08-27 15:05:19.029  INFO 920 --- [main] com.demo.DemoApplication                 : Starting DemoApplication on pcdalao-PC with PID 920 (F:\code-demo\demo\target\classes started by pcdalao in F:\code-demo)
2018-08-27 15:05:19.031  INFO 920 --- [main] com.demo.DemoApplication                 : No active profile set, falling back to default profiles: default
2018-08-27 15:05:19.059  INFO 920 --- [main] ConfigServletWebServerApplicationContext : Refreshing org.springframework.boot.web.servlet.context.AnnotationConfigServletWebServerApplicationContext@55141def: startup date [Mon Aug 27 15:05:19 CST 2018]; root of context hierarchy
2018-08-27 15:05:19.768  INFO 920 --- [main] trationDelegate$BeanPostProcessorChecker : Bean 'org.springframework.transaction.annotation.ProxyTransactionManagementConfiguration' of type [org.springframework.transaction.annotation.ProxyTransactionManagementConfiguration$$EnhancerBySpringCGLIB$$e466e609] is not eligible for getting processed by all BeanPostProcessors (for example: not eligible for auto-proxying)
2018-08-27 15:05:19.987  INFO 920 --- [main] o.s.b.w.embedded.tomcat.TomcatWebServer  : Tomcat initialized with port(s): 8080 (http)
2018-08-27 15:05:19.999  INFO 920 --- [main] o.apache.catalina.core.StandardService   : Starting service [Tomcat]
2018-08-27 15:05:20.000  INFO 920 --- [main] org.apache.catalina.core.StandardEngine  : Starting Servlet Engine: Apache Tomcat/8.5.32
2018-08-27 15:05:20.002  INFO 920 --- [localhost-startStop-1] o.a.catalina.core.AprLifecycleListener   : Loaded APR based Apache Tomcat Native library [1.2.17] using APR version [1.6.3].
2018-08-27 15:05:20.002  INFO 920 --- [localhost-startStop-1] o.a.catalina.core.AprLifecycleListener   : APR capabilities: IPv6 [true], sendfile [true], accept filters [false], random [true].
2018-08-27 15:05:20.002  INFO 920 --- [localhost-startStop-1] o.a.catalina.core.AprLifecycleListener   : APR/OpenSSL configuration: useAprConnector [false], useOpenSSL [true]
2018-08-27 15:05:21.031  INFO 920 --- [localhost-startStop-1] o.a.catalina.core.AprLifecycleListener   : OpenSSL successfully initialized [OpenSSL 1.0.2o  27 Mar 2018]
2018-08-27 15:05:21.088  INFO 920 --- [localhost-startStop-1] o.a.c.c.C.[Tomcat].[localhost].[/demo]   : Initializing Spring embedded WebApplicationContext
2018-08-27 15:05:21.089  INFO 920 --- [localhost-startStop-1] o.s.web.context.ContextLoader            : Root WebApplicationContext: initialization completed in 2030 ms
2018-08-27 15:05:21.130  INFO 920 --- [localhost-startStop-1] o.s.b.w.servlet.ServletRegistrationBean  : Servlet dispatcherServlet mapped to [/]
2018-08-27 15:05:21.133  INFO 920 --- [localhost-startStop-1] o.s.b.w.servlet.FilterRegistrationBean   : Mapping filter: 'characterEncodingFilter' to: [/*]
2018-08-27 15:05:21.134  INFO 920 --- [localhost-startStop-1] o.s.b.w.servlet.FilterRegistrationBean   : Mapping filter: 'hiddenHttpMethodFilter' to: [/*]
2018-08-27 15:05:21.134  INFO 920 --- [localhost-startStop-1] o.s.b.w.servlet.FilterRegistrationBean   : Mapping filter: 'httpPutFormContentFilter' to: [/*]
2018-08-27 15:05:21.134  INFO 920 --- [localhost-startStop-1] o.s.b.w.servlet.FilterRegistrationBean   : Mapping filter: 'requestContextFilter' to: [/*]
2018-08-27 15:05:21.262  INFO 920 --- [main] com.alibaba.druid.pool.DruidDataSource   : {dataSource-1} inited
2018-08-27 15:05:21.585  INFO 920 --- [main] j.LocalContainerEntityManagerFactoryBean : Building JPA container EntityManagerFactory for persistence unit 'default'
2018-08-27 15:05:21.592  INFO 920 --- [main] o.hibernate.jpa.internal.util.LogHelper  : HHH000204: Processing PersistenceUnitInfo [
	name: default
	...]
2018-08-27 15:05:21.628  INFO 920 --- [main] org.hibernate.Version                    : HHH000412: Hibernate Core {5.2.17.Final}
2018-08-27 15:05:21.628  INFO 920 --- [main] org.hibernate.cfg.Environment            : HHH000206: hibernate.properties not found
2018-08-27 15:05:21.648  INFO 920 --- [main] o.hibernate.annotations.common.Version   : HCANN000001: Hibernate Commons Annotations {5.0.1.Final}
2018-08-27 15:05:21.704  INFO 920 --- [main] org.hibernate.dialect.Dialect            : HHH000400: Using dialect: org.hibernate.dialect.MySQL5Dialect
2018-08-27 15:05:21.933  INFO 920 --- [main] j.LocalContainerEntityManagerFactoryBean : Initialized JPA EntityManagerFactory for persistence unit 'default'
2018-08-27 15:05:22.078  INFO 920 --- [main] o.h.h.i.QueryTranslatorFactoryInitiator  : HHH000397: Using ASTQueryTranslatorFactory
2018-08-27 15:05:22.162  INFO 920 --- [main] o.s.w.s.handler.SimpleUrlHandlerMapping  : Mapped URL path [/**/favicon.ico] onto handler of type [class org.springframework.web.servlet.resource.ResourceHttpRequestHandler]
2018-08-27 15:05:22.298  INFO 920 --- [main] s.w.s.m.m.a.RequestMappingHandlerAdapter : Looking for @ControllerAdvice: org.springframework.boot.web.servlet.context.AnnotationConfigServletWebServerApplicationContext@55141def: startup date [Mon Aug 27 15:05:19 CST 2018]; root of context hierarchy
2018-08-27 15:05:22.316  WARN 920 --- [main] aWebConfiguration$JpaWebMvcConfiguration : spring.jpa.open-in-view is enabled by default. Therefore, database queries may be performed during view rendering. Explicitly configure spring.jpa.open-in-view to disable this warning
2018-08-27 15:05:22.337  INFO 920 --- [main] s.w.s.m.m.a.RequestMappingHandlerMapping : Mapped "{[/gsc/deleteNode],methods=[POST]}" onto public com.demo.reponse.ResponseVO com.demo.controller.GscController.deleteNode(com.demo.request.GscRequest)
2018-08-27 15:05:22.338  INFO 920 --- [main] s.w.s.m.m.a.RequestMappingHandlerMapping : Mapped "{[/gsc/queryNode],methods=[POST]}" onto public com.demo.reponse.ResponseVO<com.demo.request.UpdateGsc> com.demo.controller.GscController.queryNode(com.demo.request.GscRequest)
2018-08-27 15:05:22.339  INFO 920 --- [main] s.w.s.m.m.a.RequestMappingHandlerMapping : Mapped "{[/gsc/queryNodePage],methods=[POST]}" onto public com.demo.reponse.ResponseVO<com.demo.reponse.gsc.QueryGscPageResponse> com.demo.controller.GscController.queryNodePage(com.demo.request.QueryGscPageRequest)
2018-08-27 15:05:22.339  INFO 920 --- [main] s.w.s.m.m.a.RequestMappingHandlerMapping : Mapped "{[/gsc/updateNodePage],methods=[POST]}" onto public com.demo.reponse.ResponseVO com.demo.controller.GscController.updateNodePage(com.demo.request.UpdateGsc)
2018-08-27 15:05:22.339  INFO 920 --- [main] s.w.s.m.m.a.RequestMappingHandlerMapping : Mapped "{[/gsc/addNode],methods=[POST]}" onto public com.demo.reponse.ResponseVO com.demo.controller.GscController.addNode(com.demo.request.AddGscRequest)
2018-08-27 15:05:22.341  INFO 920 --- [main] s.w.s.m.m.a.RequestMappingHandlerMapping : Mapped "{[/error]}" onto public org.springframework.http.ResponseEntity<java.util.Map<java.lang.String, java.lang.Object>> org.springframework.boot.autoconfigure.web.servlet.error.BasicErrorController.error(javax.servlet.http.HttpServletRequest)
2018-08-27 15:05:22.341  INFO 920 --- [main] s.w.s.m.m.a.RequestMappingHandlerMapping : Mapped "{[/error],produces=[text/html]}" onto public org.springframework.web.servlet.ModelAndView org.springframework.boot.autoconfigure.web.servlet.error.BasicErrorController.errorHtml(javax.servlet.http.HttpServletRequest,javax.servlet.http.HttpServletResponse)
2018-08-27 15:05:22.358  INFO 920 --- [main] o.s.w.s.handler.SimpleUrlHandlerMapping  : Mapped URL path [/webjars/**] onto handler of type [class org.springframework.web.servlet.resource.ResourceHttpRequestHandler]
2018-08-27 15:05:22.358  INFO 920 --- [main] o.s.w.s.handler.SimpleUrlHandlerMapping  : Mapped URL path [/**] onto handler of type [class org.springframework.web.servlet.resource.ResourceHttpRequestHandler]
2018-08-27 15:05:22.389  WARN 920 --- [main] ion$DefaultTemplateResolverConfiguration : Cannot find template location: classpath:/templates/ (please add some templates or check your Thymeleaf configuration)
2018-08-27 15:05:22.557  INFO 920 --- [main] o.s.j.e.a.AnnotationMBeanExporter        : Registering beans for JMX exposure on startup
2018-08-27 15:05:22.558  INFO 920 --- [main] o.s.j.e.a.AnnotationMBeanExporter        : Bean with name 'dataSource' has been autodetected for JMX exposure
2018-08-27 15:05:22.561  INFO 920 --- [main] o.s.j.e.a.AnnotationMBeanExporter        : Located MBean 'dataSource': registering with JMX server as MBean [com.alibaba.druid.pool:name=dataSource,type=DruidDataSource]
2018-08-27 15:05:22.581  INFO 920 --- [main] o.s.b.w.embedded.tomcat.TomcatWebServer  : Tomcat started on port(s): 8080 (http) with context path '/demo'
2018-08-27 15:05:22.582  INFO 920 --- [main] com.demo.DemoApplication                 : Started DemoApplication in 3.782 seconds (JVM running for 4.193)
2018-08-27 15:05:31.190  INFO 920 --- [http-nio-8080-exec-2] o.a.c.c.C.[Tomcat].[localhost].[/demo]   : Initializing Spring FrameworkServlet 'dispatcherServlet'
2018-08-27 15:05:31.190  INFO 920 --- [http-nio-8080-exec-2] o.s.web.servlet.DispatcherServlet        : FrameworkServlet 'dispatcherServlet': initialization started
2018-08-27 15:05:31.199  INFO 920 --- [http-nio-8080-exec-2] o.s.web.servlet.DispatcherServlet        : FrameworkServlet 'dispatcherServlet': initialization completed in 9 ms
2018-08-27 15:09:40.822  INFO 920 --- [http-nio-8080-exec-10] org.dozer.config.GlobalSettings          : Trying to find Dozer configuration file: dozer.properties
2018-08-27 15:09:40.825  WARN 920 --- [http-nio-8080-exec-10] org.dozer.config.GlobalSettings          : Dozer configuration file not found: dozer.properties.  Using defaults for all Dozer global properties.
2018-08-27 15:09:40.826  INFO 920 --- [http-nio-8080-exec-10] org.dozer.DozerInitializer               : Initializing Dozer. Version: 5.5.0, Thread Name: http-nio-8080-exec-10
2018-08-27 15:09:40.827  INFO 920 --- [http-nio-8080-exec-10] org.dozer.jmx.JMXPlatformImpl            : Dozer JMX MBean [org.dozer.jmx:type=DozerStatisticsController] auto registered with the Platform MBean Server
2018-08-27 15:09:40.827  INFO 920 --- [http-nio-8080-exec-10] org.dozer.jmx.JMXPlatformImpl            : Dozer JMX MBean [org.dozer.jmx:type=DozerAdminController] auto registered with the Platform MBean Server
2018-08-27 15:09:40.827  INFO 920 --- [http-nio-8080-exec-10] org.dozer.DozerBeanMapper                : Initializing a new instance of dozer bean mapper.
2018-08-27 15:23:18.286  INFO 8264 --- [main] com.demo.DemoApplication                 : Starting DemoApplication on pcdalao-PC with PID 8264 (F:\code-demo\demo\target\classes started by pcdalao in F:\code-demo)
2018-08-27 15:23:18.288  INFO 8264 --- [main] com.demo.DemoApplication                 : No active profile set, falling back to default profiles: default
2018-08-27 15:23:18.314  INFO 8264 --- [main] ConfigServletWebServerApplicationContext : Refreshing org.springframework.boot.web.servlet.context.AnnotationConfigServletWebServerApplicationContext@55141def: startup date [Mon Aug 27 15:23:18 CST 2018]; root of context hierarchy
2018-08-27 15:23:18.986  INFO 8264 --- [main] trationDelegate$BeanPostProcessorChecker : Bean 'org.springframework.transaction.annotation.ProxyTransactionManagementConfiguration' of type [org.springframework.transaction.annotation.ProxyTransactionManagementConfiguration$$EnhancerBySpringCGLIB$$20a4b686] is not eligible for getting processed by all BeanPostProcessors (for example: not eligible for auto-proxying)
2018-08-27 15:23:19.203  INFO 8264 --- [main] o.s.b.w.embedded.tomcat.TomcatWebServer  : Tomcat initialized with port(s): 8080 (http)
2018-08-27 15:23:19.216  INFO 8264 --- [main] o.apache.catalina.core.StandardService   : Starting service [Tomcat]
2018-08-27 15:23:19.216  INFO 8264 --- [main] org.apache.catalina.core.StandardEngine  : Starting Servlet Engine: Apache Tomcat/8.5.32
2018-08-27 15:23:19.219  INFO 8264 --- [localhost-startStop-1] o.a.catalina.core.AprLifecycleListener   : Loaded APR based Apache Tomcat Native library [1.2.17] using APR version [1.6.3].
2018-08-27 15:23:19.219  INFO 8264 --- [localhost-startStop-1] o.a.catalina.core.AprLifecycleListener   : APR capabilities: IPv6 [true], sendfile [true], accept filters [false], random [true].
2018-08-27 15:23:19.219  INFO 8264 --- [localhost-startStop-1] o.a.catalina.core.AprLifecycleListener   : APR/OpenSSL configuration: useAprConnector [false], useOpenSSL [true]
2018-08-27 15:23:20.242  INFO 8264 --- [localhost-startStop-1] o.a.catalina.core.AprLifecycleListener   : OpenSSL successfully initialized [OpenSSL 1.0.2o  27 Mar 2018]
2018-08-27 15:23:20.294  INFO 8264 --- [localhost-startStop-1] o.a.c.c.C.[Tomcat].[localhost].[/demo]   : Initializing Spring embedded WebApplicationContext
2018-08-27 15:23:20.294  INFO 8264 --- [localhost-startStop-1] o.s.web.context.ContextLoader            : Root WebApplicationContext: initialization completed in 1980 ms
2018-08-27 15:23:20.328  INFO 8264 --- [localhost-startStop-1] o.s.b.w.servlet.ServletRegistrationBean  : Servlet dispatcherServlet mapped to [/]
2018-08-27 15:23:20.330  INFO 8264 --- [localhost-startStop-1] o.s.b.w.servlet.FilterRegistrationBean   : Mapping filter: 'characterEncodingFilter' to: [/*]
2018-08-27 15:23:20.331  INFO 8264 --- [localhost-startStop-1] o.s.b.w.servlet.FilterRegistrationBean   : Mapping filter: 'hiddenHttpMethodFilter' to: [/*]
2018-08-27 15:23:20.331  INFO 8264 --- [localhost-startStop-1] o.s.b.w.servlet.FilterRegistrationBean   : Mapping filter: 'httpPutFormContentFilter' to: [/*]
2018-08-27 15:23:20.331  INFO 8264 --- [localhost-startStop-1] o.s.b.w.servlet.FilterRegistrationBean   : Mapping filter: 'requestContextFilter' to: [/*]
2018-08-27 15:23:20.461  INFO 8264 --- [main] com.alibaba.druid.pool.DruidDataSource   : {dataSource-1} inited
2018-08-27 15:23:20.764  INFO 8264 --- [main] j.LocalContainerEntityManagerFactoryBean : Building JPA container EntityManagerFactory for persistence unit 'default'
2018-08-27 15:23:20.771  INFO 8264 --- [main] o.hibernate.jpa.internal.util.LogHelper  : HHH000204: Processing PersistenceUnitInfo [
	name: default
	...]
2018-08-27 15:23:20.808  INFO 8264 --- [main] org.hibernate.Version                    : HHH000412: Hibernate Core {5.2.17.Final}
2018-08-27 15:23:20.809  INFO 8264 --- [main] org.hibernate.cfg.Environment            : HHH000206: hibernate.properties not found
2018-08-27 15:23:20.829  INFO 8264 --- [main] o.hibernate.annotations.common.Version   : HCANN000001: Hibernate Commons Annotations {5.0.1.Final}
2018-08-27 15:23:20.885  INFO 8264 --- [main] org.hibernate.dialect.Dialect            : HHH000400: Using dialect: org.hibernate.dialect.MySQL5Dialect
2018-08-27 15:23:21.122  INFO 8264 --- [main] j.LocalContainerEntityManagerFactoryBean : Initialized JPA EntityManagerFactory for persistence unit 'default'
2018-08-27 15:23:21.268  INFO 8264 --- [main] o.h.h.i.QueryTranslatorFactoryInitiator  : HHH000397: Using ASTQueryTranslatorFactory
2018-08-27 15:23:21.354  INFO 8264 --- [main] o.s.w.s.handler.SimpleUrlHandlerMapping  : Mapped URL path [/**/favicon.ico] onto handler of type [class org.springframework.web.servlet.resource.ResourceHttpRequestHandler]
2018-08-27 15:23:21.495  INFO 8264 --- [main] s.w.s.m.m.a.RequestMappingHandlerAdapter : Looking for @ControllerAdvice: org.springframework.boot.web.servlet.context.AnnotationConfigServletWebServerApplicationContext@55141def: startup date [Mon Aug 27 15:23:18 CST 2018]; root of context hierarchy
2018-08-27 15:23:21.513  WARN 8264 --- [main] aWebConfiguration$JpaWebMvcConfiguration : spring.jpa.open-in-view is enabled by default. Therefore, database queries may be performed during view rendering. Explicitly configure spring.jpa.open-in-view to disable this warning
2018-08-27 15:23:21.533  INFO 8264 --- [main] s.w.s.m.m.a.RequestMappingHandlerMapping : Mapped "{[/gsc/deleteNode],methods=[POST]}" onto public com.demo.reponse.ResponseVO com.demo.controller.GscController.deleteNode(com.demo.request.GscRequest)
2018-08-27 15:23:21.534  INFO 8264 --- [main] s.w.s.m.m.a.RequestMappingHandlerMapping : Mapped "{[/gsc/queryNode],methods=[POST]}" onto public com.demo.reponse.ResponseVO<com.demo.request.UpdateGsc> com.demo.controller.GscController.queryNode(com.demo.request.GscRequest)
2018-08-27 15:23:21.534  INFO 8264 --- [main] s.w.s.m.m.a.RequestMappingHandlerMapping : Mapped "{[/gsc/queryNodePage],methods=[POST]}" onto public com.demo.reponse.ResponseVO<com.demo.reponse.gsc.QueryGscPageResponse> com.demo.controller.GscController.queryNodePage(com.demo.request.QueryGscPageRequest)
2018-08-27 15:23:21.535  INFO 8264 --- [main] s.w.s.m.m.a.RequestMappingHandlerMapping : Mapped "{[/gsc/updateNodePage],methods=[POST]}" onto public com.demo.reponse.ResponseVO com.demo.controller.GscController.updateNodePage(com.demo.request.UpdateGsc)
2018-08-27 15:23:21.535  INFO 8264 --- [main] s.w.s.m.m.a.RequestMappingHandlerMapping : Mapped "{[/gsc/addNode],methods=[POST]}" onto public com.demo.reponse.ResponseVO com.demo.controller.GscController.addNode(com.demo.request.AddGscRequest)
2018-08-27 15:23:21.536  INFO 8264 --- [main] s.w.s.m.m.a.RequestMappingHandlerMapping : Mapped "{[/error]}" onto public org.springframework.http.ResponseEntity<java.util.Map<java.lang.String, java.lang.Object>> org.springframework.boot.autoconfigure.web.servlet.error.BasicErrorController.error(javax.servlet.http.HttpServletRequest)
2018-08-27 15:23:21.537  INFO 8264 --- [main] s.w.s.m.m.a.RequestMappingHandlerMapping : Mapped "{[/error],produces=[text/html]}" onto public org.springframework.web.servlet.ModelAndView org.springframework.boot.autoconfigure.web.servlet.error.BasicErrorController.errorHtml(javax.servlet.http.HttpServletRequest,javax.servlet.http.HttpServletResponse)
2018-08-27 15:23:21.551  INFO 8264 --- [main] o.s.w.s.handler.SimpleUrlHandlerMapping  : Mapped URL path [/webjars/**] onto handler of type [class org.springframework.web.servlet.resource.ResourceHttpRequestHandler]
2018-08-27 15:23:21.551  INFO 8264 --- [main] o.s.w.s.handler.SimpleUrlHandlerMapping  : Mapped URL path [/**] onto handler of type [class org.springframework.web.servlet.resource.ResourceHttpRequestHandler]
2018-08-27 15:23:21.581  WARN 8264 --- [main] ion$DefaultTemplateResolverConfiguration : Cannot find template location: classpath:/templates/ (please add some templates or check your Thymeleaf configuration)
2018-08-27 15:23:21.723  INFO 8264 --- [main] o.s.j.e.a.AnnotationMBeanExporter        : Registering beans for JMX exposure on startup
2018-08-27 15:23:21.724  INFO 8264 --- [main] o.s.j.e.a.AnnotationMBeanExporter        : Bean with name 'dataSource' has been autodetected for JMX exposure
2018-08-27 15:23:21.727  INFO 8264 --- [main] o.s.j.e.a.AnnotationMBeanExporter        : Located MBean 'dataSource': registering with JMX server as MBean [com.alibaba.druid.pool:name=dataSource,type=DruidDataSource]
2018-08-27 15:23:21.747  INFO 8264 --- [main] o.s.b.w.embedded.tomcat.TomcatWebServer  : Tomcat started on port(s): 8080 (http) with context path '/demo'
2018-08-27 15:23:21.749  INFO 8264 --- [main] com.demo.DemoApplication                 : Started DemoApplication in 3.695 seconds (JVM running for 4.064)
2018-08-27 15:23:44.395  INFO 9412 --- [main] com.demo.DemoApplication                 : Starting DemoApplication on pcdalao-PC with PID 9412 (F:\code-demo\demo\target\classes started by pcdalao in F:\code-demo)
2018-08-27 15:23:44.397  INFO 9412 --- [main] com.demo.DemoApplication                 : No active profile set, falling back to default profiles: default
2018-08-27 15:23:44.427  INFO 9412 --- [main] ConfigServletWebServerApplicationContext : Refreshing org.springframework.boot.web.servlet.context.AnnotationConfigServletWebServerApplicationContext@55141def: startup date [Mon Aug 27 15:23:44 CST 2018]; root of context hierarchy
2018-08-27 15:23:45.103  INFO 9412 --- [main] trationDelegate$BeanPostProcessorChecker : Bean 'org.springframework.transaction.annotation.ProxyTransactionManagementConfiguration' of type [org.springframework.transaction.annotation.ProxyTransactionManagementConfiguration$$EnhancerBySpringCGLIB$$fdecd722] is not eligible for getting processed by all BeanPostProcessors (for example: not eligible for auto-proxying)
2018-08-27 15:23:45.310  INFO 9412 --- [main] o.s.b.w.embedded.tomcat.TomcatWebServer  : Tomcat initialized with port(s): 8080 (http)
2018-08-27 15:23:45.323  INFO 9412 --- [main] o.apache.catalina.core.StandardService   : Starting service [Tomcat]
2018-08-27 15:23:45.323  INFO 9412 --- [main] org.apache.catalina.core.StandardEngine  : Starting Servlet Engine: Apache Tomcat/8.5.32
2018-08-27 15:23:45.326  INFO 9412 --- [localhost-startStop-1] o.a.catalina.core.AprLifecycleListener   : Loaded APR based Apache Tomcat Native library [1.2.17] using APR version [1.6.3].
2018-08-27 15:23:45.326  INFO 9412 --- [localhost-startStop-1] o.a.catalina.core.AprLifecycleListener   : APR capabilities: IPv6 [true], sendfile [true], accept filters [false], random [true].
2018-08-27 15:23:45.326  INFO 9412 --- [localhost-startStop-1] o.a.catalina.core.AprLifecycleListener   : APR/OpenSSL configuration: useAprConnector [false], useOpenSSL [true]
2018-08-27 15:23:46.360  INFO 9412 --- [localhost-startStop-1] o.a.catalina.core.AprLifecycleListener   : OpenSSL successfully initialized [OpenSSL 1.0.2o  27 Mar 2018]
2018-08-27 15:23:46.412  INFO 9412 --- [localhost-startStop-1] o.a.c.c.C.[Tomcat].[localhost].[/demo]   : Initializing Spring embedded WebApplicationContext
2018-08-27 15:23:46.412  INFO 9412 --- [localhost-startStop-1] o.s.web.context.ContextLoader            : Root WebApplicationContext: initialization completed in 1985 ms
2018-08-27 15:23:46.445  INFO 9412 --- [localhost-startStop-1] o.s.b.w.servlet.ServletRegistrationBean  : Servlet dispatcherServlet mapped to [/]
2018-08-27 15:23:46.448  INFO 9412 --- [localhost-startStop-1] o.s.b.w.servlet.FilterRegistrationBean   : Mapping filter: 'characterEncodingFilter' to: [/*]
2018-08-27 15:23:46.448  INFO 9412 --- [localhost-startStop-1] o.s.b.w.servlet.FilterRegistrationBean   : Mapping filter: 'hiddenHttpMethodFilter' to: [/*]
2018-08-27 15:23:46.448  INFO 9412 --- [localhost-startStop-1] o.s.b.w.servlet.FilterRegistrationBean   : Mapping filter: 'httpPutFormContentFilter' to: [/*]
2018-08-27 15:23:46.448  INFO 9412 --- [localhost-startStop-1] o.s.b.w.servlet.FilterRegistrationBean   : Mapping filter: 'requestContextFilter' to: [/*]
2018-08-27 15:23:46.571  INFO 9412 --- [main] com.alibaba.druid.pool.DruidDataSource   : {dataSource-1} inited
2018-08-27 15:23:46.905  INFO 9412 --- [main] j.LocalContainerEntityManagerFactoryBean : Building JPA container EntityManagerFactory for persistence unit 'default'
2018-08-27 15:23:46.912  INFO 9412 --- [main] o.hibernate.jpa.internal.util.LogHelper  : HHH000204: Processing PersistenceUnitInfo [
	name: default
	...]
2018-08-27 15:23:46.949  INFO 9412 --- [main] org.hibernate.Version                    : HHH000412: Hibernate Core {5.2.17.Final}
2018-08-27 15:23:46.949  INFO 9412 --- [main] org.hibernate.cfg.Environment            : HHH000206: hibernate.properties not found
2018-08-27 15:23:46.968  INFO 9412 --- [main] o.hibernate.annotations.common.Version   : HCANN000001: Hibernate Commons Annotations {5.0.1.Final}
2018-08-27 15:23:47.025  INFO 9412 --- [main] org.hibernate.dialect.Dialect            : HHH000400: Using dialect: org.hibernate.dialect.MySQL5Dialect
2018-08-27 15:23:47.256  INFO 9412 --- [main] j.LocalContainerEntityManagerFactoryBean : Initialized JPA EntityManagerFactory for persistence unit 'default'
2018-08-27 15:23:47.402  INFO 9412 --- [main] o.h.h.i.QueryTranslatorFactoryInitiator  : HHH000397: Using ASTQueryTranslatorFactory
2018-08-27 15:23:47.488  INFO 9412 --- [main] o.s.w.s.handler.SimpleUrlHandlerMapping  : Mapped URL path [/**/favicon.ico] onto handler of type [class org.springframework.web.servlet.resource.ResourceHttpRequestHandler]
2018-08-27 15:23:47.625  INFO 9412 --- [main] s.w.s.m.m.a.RequestMappingHandlerAdapter : Looking for @ControllerAdvice: org.springframework.boot.web.servlet.context.AnnotationConfigServletWebServerApplicationContext@55141def: startup date [Mon Aug 27 15:23:44 CST 2018]; root of context hierarchy
2018-08-27 15:23:47.643  WARN 9412 --- [main] aWebConfiguration$JpaWebMvcConfiguration : spring.jpa.open-in-view is enabled by default. Therefore, database queries may be performed during view rendering. Explicitly configure spring.jpa.open-in-view to disable this warning
2018-08-27 15:23:47.664  INFO 9412 --- [main] s.w.s.m.m.a.RequestMappingHandlerMapping : Mapped "{[/gsc/deleteNode],methods=[POST]}" onto public com.demo.reponse.ResponseVO com.demo.controller.GscController.deleteNode(com.demo.request.GscRequest)
2018-08-27 15:23:47.665  INFO 9412 --- [main] s.w.s.m.m.a.RequestMappingHandlerMapping : Mapped "{[/gsc/queryNode],methods=[POST]}" onto public com.demo.reponse.ResponseVO<com.demo.request.UpdateGsc> com.demo.controller.GscController.queryNode(com.demo.request.GscRequest)
2018-08-27 15:23:47.666  INFO 9412 --- [main] s.w.s.m.m.a.RequestMappingHandlerMapping : Mapped "{[/gsc/queryNodePage],methods=[POST]}" onto public com.demo.reponse.ResponseVO<com.demo.reponse.gsc.QueryGscPageResponse> com.demo.controller.GscController.queryNodePage(com.demo.request.QueryGscPageRequest)
2018-08-27 15:23:47.666  INFO 9412 --- [main] s.w.s.m.m.a.RequestMappingHandlerMapping : Mapped "{[/gsc/updateNodePage],methods=[POST]}" onto public com.demo.reponse.ResponseVO com.demo.controller.GscController.updateNodePage(com.demo.request.UpdateGsc)
2018-08-27 15:23:47.666  INFO 9412 --- [main] s.w.s.m.m.a.RequestMappingHandlerMapping : Mapped "{[/gsc/addNode],methods=[POST]}" onto public com.demo.reponse.ResponseVO com.demo.controller.GscController.addNode(com.demo.request.AddGscRequest)
2018-08-27 15:23:47.668  INFO 9412 --- [main] s.w.s.m.m.a.RequestMappingHandlerMapping : Mapped "{[/error]}" onto public org.springframework.http.ResponseEntity<java.util.Map<java.lang.String, java.lang.Object>> org.springframework.boot.autoconfigure.web.servlet.error.BasicErrorController.error(javax.servlet.http.HttpServletRequest)
2018-08-27 15:23:47.668  INFO 9412 --- [main] s.w.s.m.m.a.RequestMappingHandlerMapping : Mapped "{[/error],produces=[text/html]}" onto public org.springframework.web.servlet.ModelAndView org.springframework.boot.autoconfigure.web.servlet.error.BasicErrorController.errorHtml(javax.servlet.http.HttpServletRequest,javax.servlet.http.HttpServletResponse)
2018-08-27 15:23:47.685  INFO 9412 --- [main] o.s.w.s.handler.SimpleUrlHandlerMapping  : Mapped URL path [/webjars/**] onto handler of type [class org.springframework.web.servlet.resource.ResourceHttpRequestHandler]
2018-08-27 15:23:47.685  INFO 9412 --- [main] o.s.w.s.handler.SimpleUrlHandlerMapping  : Mapped URL path [/**] onto handler of type [class org.springframework.web.servlet.resource.ResourceHttpRequestHandler]
2018-08-27 15:23:47.723  WARN 9412 --- [main] ion$DefaultTemplateResolverConfiguration : Cannot find template location: classpath:/templates/ (please add some templates or check your Thymeleaf configuration)
2018-08-27 15:23:47.893  INFO 9412 --- [main] o.s.j.e.a.AnnotationMBeanExporter        : Registering beans for JMX exposure on startup
2018-08-27 15:23:47.894  INFO 9412 --- [main] o.s.j.e.a.AnnotationMBeanExporter        : Bean with name 'dataSource' has been autodetected for JMX exposure
2018-08-27 15:23:47.897  INFO 9412 --- [main] o.s.j.e.a.AnnotationMBeanExporter        : Located MBean 'dataSource': registering with JMX server as MBean [com.alibaba.druid.pool:name=dataSource,type=DruidDataSource]
2018-08-27 15:23:47.917  INFO 9412 --- [main] o.s.b.w.embedded.tomcat.TomcatWebServer  : Tomcat started on port(s): 8080 (http) with context path '/demo'
2018-08-27 15:23:47.919  INFO 9412 --- [main] com.demo.DemoApplication                 : Started DemoApplication in 3.762 seconds (JVM running for 4.134)
2018-08-27 15:37:00.148  INFO 9056 --- [main] com.demo.DemoApplication                 : Starting DemoApplication on pcdalao-PC with PID 9056 (F:\code-demo\demo\target\classes started by pcdalao in F:\code-demo)
2018-08-27 15:37:00.151  INFO 9056 --- [main] com.demo.DemoApplication                 : No active profile set, falling back to default profiles: default
2018-08-27 15:37:00.182  INFO 9056 --- [main] ConfigServletWebServerApplicationContext : Refreshing org.springframework.boot.web.servlet.context.AnnotationConfigServletWebServerApplicationContext@55141def: startup date [Mon Aug 27 15:37:00 CST 2018]; root of context hierarchy
2018-08-27 15:37:00.868  INFO 9056 --- [main] trationDelegate$BeanPostProcessorChecker : Bean 'org.springframework.transaction.annotation.ProxyTransactionManagementConfiguration' of type [org.springframework.transaction.annotation.ProxyTransactionManagementConfiguration$$EnhancerBySpringCGLIB$$20a4b686] is not eligible for getting processed by all BeanPostProcessors (for example: not eligible for auto-proxying)
2018-08-27 15:37:01.089  INFO 9056 --- [main] o.s.b.w.embedded.tomcat.TomcatWebServer  : Tomcat initialized with port(s): 8080 (http)
2018-08-27 15:37:01.101  INFO 9056 --- [main] o.apache.catalina.core.StandardService   : Starting service [Tomcat]
2018-08-27 15:37:01.101  INFO 9056 --- [main] org.apache.catalina.core.StandardEngine  : Starting Servlet Engine: Apache Tomcat/8.5.32
2018-08-27 15:37:01.104  INFO 9056 --- [localhost-startStop-1] o.a.catalina.core.AprLifecycleListener   : Loaded APR based Apache Tomcat Native library [1.2.17] using APR version [1.6.3].
2018-08-27 15:37:01.104  INFO 9056 --- [localhost-startStop-1] o.a.catalina.core.AprLifecycleListener   : APR capabilities: IPv6 [true], sendfile [true], accept filters [false], random [true].
2018-08-27 15:37:01.105  INFO 9056 --- [localhost-startStop-1] o.a.catalina.core.AprLifecycleListener   : APR/OpenSSL configuration: useAprConnector [false], useOpenSSL [true]
2018-08-27 15:37:02.137  INFO 9056 --- [localhost-startStop-1] o.a.catalina.core.AprLifecycleListener   : OpenSSL successfully initialized [OpenSSL 1.0.2o  27 Mar 2018]
2018-08-27 15:37:02.192  INFO 9056 --- [localhost-startStop-1] o.a.c.c.C.[Tomcat].[localhost].[/demo]   : Initializing Spring embedded WebApplicationContext
2018-08-27 15:37:02.192  INFO 9056 --- [localhost-startStop-1] o.s.web.context.ContextLoader            : Root WebApplicationContext: initialization completed in 2010 ms
2018-08-27 15:37:02.224  INFO 9056 --- [localhost-startStop-1] o.s.b.w.servlet.ServletRegistrationBean  : Servlet dispatcherServlet mapped to [/]
2018-08-27 15:37:02.227  INFO 9056 --- [localhost-startStop-1] o.s.b.w.servlet.FilterRegistrationBean   : Mapping filter: 'characterEncodingFilter' to: [/*]
2018-08-27 15:37:02.227  INFO 9056 --- [localhost-startStop-1] o.s.b.w.servlet.FilterRegistrationBean   : Mapping filter: 'hiddenHttpMethodFilter' to: [/*]
2018-08-27 15:37:02.227  INFO 9056 --- [localhost-startStop-1] o.s.b.w.servlet.FilterRegistrationBean   : Mapping filter: 'httpPutFormContentFilter' to: [/*]
2018-08-27 15:37:02.227  INFO 9056 --- [localhost-startStop-1] o.s.b.w.servlet.FilterRegistrationBean   : Mapping filter: 'requestContextFilter' to: [/*]
2018-08-27 15:37:02.351  INFO 9056 --- [main] com.alibaba.druid.pool.DruidDataSource   : {dataSource-1} inited
2018-08-27 15:37:02.679  INFO 9056 --- [main] j.LocalContainerEntityManagerFactoryBean : Building JPA container EntityManagerFactory for persistence unit 'default'
2018-08-27 15:37:02.687  INFO 9056 --- [main] o.hibernate.jpa.internal.util.LogHelper  : HHH000204: Processing PersistenceUnitInfo [
	name: default
	...]
2018-08-27 15:37:02.725  INFO 9056 --- [main] org.hibernate.Version                    : HHH000412: Hibernate Core {5.2.17.Final}
2018-08-27 15:37:02.725  INFO 9056 --- [main] org.hibernate.cfg.Environment            : HHH000206: hibernate.properties not found
2018-08-27 15:37:02.746  INFO 9056 --- [main] o.hibernate.annotations.common.Version   : HCANN000001: Hibernate Commons Annotations {5.0.1.Final}
2018-08-27 15:37:02.803  INFO 9056 --- [main] org.hibernate.dialect.Dialect            : HHH000400: Using dialect: org.hibernate.dialect.MySQL5Dialect
2018-08-27 15:37:03.032  INFO 9056 --- [main] j.LocalContainerEntityManagerFactoryBean : Initialized JPA EntityManagerFactory for persistence unit 'default'
2018-08-27 15:37:03.185  INFO 9056 --- [main] o.h.h.i.QueryTranslatorFactoryInitiator  : HHH000397: Using ASTQueryTranslatorFactory
2018-08-27 15:37:03.270  INFO 9056 --- [main] o.s.w.s.handler.SimpleUrlHandlerMapping  : Mapped URL path [/**/favicon.ico] onto handler of type [class org.springframework.web.servlet.resource.ResourceHttpRequestHandler]
2018-08-27 15:37:03.407  INFO 9056 --- [main] s.w.s.m.m.a.RequestMappingHandlerAdapter : Looking for @ControllerAdvice: org.springframework.boot.web.servlet.context.AnnotationConfigServletWebServerApplicationContext@55141def: startup date [Mon Aug 27 15:37:00 CST 2018]; root of context hierarchy
2018-08-27 15:37:03.426  WARN 9056 --- [main] aWebConfiguration$JpaWebMvcConfiguration : spring.jpa.open-in-view is enabled by default. Therefore, database queries may be performed during view rendering. Explicitly configure spring.jpa.open-in-view to disable this warning
2018-08-27 15:37:03.447  INFO 9056 --- [main] s.w.s.m.m.a.RequestMappingHandlerMapping : Mapped "{[/gsc/deleteNode],methods=[POST]}" onto public com.demo.reponse.ResponseVO com.demo.controller.GscController.deleteNode(com.demo.request.GscRequest)
2018-08-27 15:37:03.448  INFO 9056 --- [main] s.w.s.m.m.a.RequestMappingHandlerMapping : Mapped "{[/gsc/queryNode],methods=[POST]}" onto public com.demo.reponse.ResponseVO<com.demo.request.UpdateGsc> com.demo.controller.GscController.queryNode(com.demo.request.GscRequest)
2018-08-27 15:37:03.449  INFO 9056 --- [main] s.w.s.m.m.a.RequestMappingHandlerMapping : Mapped "{[/gsc/queryNodePage],methods=[POST]}" onto public com.demo.reponse.ResponseVO<com.demo.reponse.gsc.QueryGscPageResponse> com.demo.controller.GscController.queryNodePage(com.demo.request.QueryGscPageRequest)
2018-08-27 15:37:03.449  INFO 9056 --- [main] s.w.s.m.m.a.RequestMappingHandlerMapping : Mapped "{[/gsc/updateNodePage],methods=[POST]}" onto public com.demo.reponse.ResponseVO com.demo.controller.GscController.updateNodePage(com.demo.request.UpdateGsc)
2018-08-27 15:37:03.449  INFO 9056 --- [main] s.w.s.m.m.a.RequestMappingHandlerMapping : Mapped "{[/gsc/addNode],methods=[POST]}" onto public com.demo.reponse.ResponseVO com.demo.controller.GscController.addNode(com.demo.request.AddGscRequest)
2018-08-27 15:37:03.451  INFO 9056 --- [main] s.w.s.m.m.a.RequestMappingHandlerMapping : Mapped "{[/error]}" onto public org.springframework.http.ResponseEntity<java.util.Map<java.lang.String, java.lang.Object>> org.springframework.boot.autoconfigure.web.servlet.error.BasicErrorController.error(javax.servlet.http.HttpServletRequest)
2018-08-27 15:37:03.451  INFO 9056 --- [main] s.w.s.m.m.a.RequestMappingHandlerMapping : Mapped "{[/error],produces=[text/html]}" onto public org.springframework.web.servlet.ModelAndView org.springframework.boot.autoconfigure.web.servlet.error.BasicErrorController.errorHtml(javax.servlet.http.HttpServletRequest,javax.servlet.http.HttpServletResponse)
2018-08-27 15:37:03.466  INFO 9056 --- [main] o.s.w.s.handler.SimpleUrlHandlerMapping  : Mapped URL path [/webjars/**] onto handler of type [class org.springframework.web.servlet.resource.ResourceHttpRequestHandler]
2018-08-27 15:37:03.466  INFO 9056 --- [main] o.s.w.s.handler.SimpleUrlHandlerMapping  : Mapped URL path [/**] onto handler of type [class org.springframework.web.servlet.resource.ResourceHttpRequestHandler]
2018-08-27 15:37:03.498  WARN 9056 --- [main] ion$DefaultTemplateResolverConfiguration : Cannot find template location: classpath:/templates/ (please add some templates or check your Thymeleaf configuration)
2018-08-27 15:37:07.306  INFO 1464 --- [main] com.demo.DemoApplication                 : Starting DemoApplication on pcdalao-PC with PID 1464 (F:\code-demo\demo\target\classes started by pcdalao in F:\code-demo)
2018-08-27 15:37:07.309  INFO 1464 --- [main] com.demo.DemoApplication                 : No active profile set, falling back to default profiles: default
2018-08-27 15:37:07.341  INFO 1464 --- [main] ConfigServletWebServerApplicationContext : Refreshing org.springframework.boot.web.servlet.context.AnnotationConfigServletWebServerApplicationContext@e54303: startup date [Mon Aug 27 15:37:07 CST 2018]; root of context hierarchy
2018-08-27 15:37:08.133  INFO 1464 --- [main] trationDelegate$BeanPostProcessorChecker : Bean 'org.springframework.transaction.annotation.ProxyTransactionManagementConfiguration' of type [org.springframework.transaction.annotation.ProxyTransactionManagementConfiguration$$EnhancerBySpringCGLIB$$26f7536e] is not eligible for getting processed by all BeanPostProcessors (for example: not eligible for auto-proxying)
2018-08-27 15:37:08.400  INFO 1464 --- [main] o.s.b.w.embedded.tomcat.TomcatWebServer  : Tomcat initialized with port(s): 8080 (http)
2018-08-27 15:37:08.414  INFO 1464 --- [main] o.apache.catalina.core.StandardService   : Starting service [Tomcat]
2018-08-27 15:37:08.414  INFO 1464 --- [main] org.apache.catalina.core.StandardEngine  : Starting Servlet Engine: Apache Tomcat/8.5.32
2018-08-27 15:37:08.417  INFO 1464 --- [localhost-startStop-1] o.a.catalina.core.AprLifecycleListener   : Loaded APR based Apache Tomcat Native library [1.2.17] using APR version [1.6.3].
2018-08-27 15:37:08.417  INFO 1464 --- [localhost-startStop-1] o.a.catalina.core.AprLifecycleListener   : APR capabilities: IPv6 [true], sendfile [true], accept filters [false], random [true].
2018-08-27 15:37:08.417  INFO 1464 --- [localhost-startStop-1] o.a.catalina.core.AprLifecycleListener   : APR/OpenSSL configuration: useAprConnector [false], useOpenSSL [true]
2018-08-27 15:37:09.456  INFO 1464 --- [localhost-startStop-1] o.a.catalina.core.AprLifecycleListener   : OpenSSL successfully initialized [OpenSSL 1.0.2o  27 Mar 2018]
2018-08-27 15:37:09.531  INFO 1464 --- [localhost-startStop-1] o.a.c.c.C.[Tomcat].[localhost].[/demo]   : Initializing Spring embedded WebApplicationContext
2018-08-27 15:37:09.531  INFO 1464 --- [localhost-startStop-1] o.s.web.context.ContextLoader            : Root WebApplicationContext: initialization completed in 2190 ms
2018-08-27 15:37:09.575  INFO 1464 --- [localhost-startStop-1] o.s.b.w.servlet.ServletRegistrationBean  : Servlet dispatcherServlet mapped to [/]
2018-08-27 15:37:09.579  INFO 1464 --- [localhost-startStop-1] o.s.b.w.servlet.FilterRegistrationBean   : Mapping filter: 'characterEncodingFilter' to: [/*]
2018-08-27 15:37:09.579  INFO 1464 --- [localhost-startStop-1] o.s.b.w.servlet.FilterRegistrationBean   : Mapping filter: 'hiddenHttpMethodFilter' to: [/*]
2018-08-27 15:37:09.579  INFO 1464 --- [localhost-startStop-1] o.s.b.w.servlet.FilterRegistrationBean   : Mapping filter: 'httpPutFormContentFilter' to: [/*]
2018-08-27 15:37:09.579  INFO 1464 --- [localhost-startStop-1] o.s.b.w.servlet.FilterRegistrationBean   : Mapping filter: 'requestContextFilter' to: [/*]
2018-08-27 15:37:09.732  INFO 1464 --- [main] com.alibaba.druid.pool.DruidDataSource   : {dataSource-1} inited
2018-08-27 15:37:10.068  INFO 1464 --- [main] j.LocalContainerEntityManagerFactoryBean : Building JPA container EntityManagerFactory for persistence unit 'default'
2018-08-27 15:37:10.076  INFO 1464 --- [main] o.hibernate.jpa.internal.util.LogHelper  : HHH000204: Processing PersistenceUnitInfo [
	name: default
	...]
2018-08-27 15:37:10.122  INFO 1464 --- [main] org.hibernate.Version                    : HHH000412: Hibernate Core {5.2.17.Final}
2018-08-27 15:37:10.123  INFO 1464 --- [main] org.hibernate.cfg.Environment            : HHH000206: hibernate.properties not found
2018-08-27 15:37:10.149  INFO 1464 --- [main] o.hibernate.annotations.common.Version   : HCANN000001: Hibernate Commons Annotations {5.0.1.Final}
2018-08-27 15:37:10.224  INFO 1464 --- [main] org.hibernate.dialect.Dialect            : HHH000400: Using dialect: org.hibernate.dialect.MySQL5Dialect
2018-08-27 15:37:10.512  INFO 1464 --- [main] j.LocalContainerEntityManagerFactoryBean : Initialized JPA EntityManagerFactory for persistence unit 'default'
2018-08-27 15:37:11.384  INFO 1464 --- [main] o.h.h.i.QueryTranslatorFactoryInitiator  : HHH000397: Using ASTQueryTranslatorFactory
2018-08-27 15:37:11.561  INFO 1464 --- [main] o.s.w.s.handler.SimpleUrlHandlerMapping  : Mapped URL path [/**/favicon.ico] onto handler of type [class org.springframework.web.servlet.resource.ResourceHttpRequestHandler]
2018-08-27 15:37:11.765  INFO 1464 --- [main] s.w.s.m.m.a.RequestMappingHandlerAdapter : Looking for @ControllerAdvice: org.springframework.boot.web.servlet.context.AnnotationConfigServletWebServerApplicationContext@e54303: startup date [Mon Aug 27 15:37:07 CST 2018]; root of context hierarchy
2018-08-27 15:37:11.799  WARN 1464 --- [main] aWebConfiguration$JpaWebMvcConfiguration : spring.jpa.open-in-view is enabled by default. Therefore, database queries may be performed during view rendering. Explicitly configure spring.jpa.open-in-view to disable this warning
2018-08-27 15:37:11.834  INFO 1464 --- [main] s.w.s.m.m.a.RequestMappingHandlerMapping : Mapped "{[/gsc/addNode],methods=[POST]}" onto public com.demo.reponse.ResponseVO com.demo.controller.GscController.addNode(com.demo.request.AddGscRequest)
2018-08-27 15:37:11.835  INFO 1464 --- [main] s.w.s.m.m.a.RequestMappingHandlerMapping : Mapped "{[/gsc/queryNodePage],methods=[POST]}" onto public com.demo.reponse.ResponseVO<com.demo.reponse.gsc.QueryGscPageResponse> com.demo.controller.GscController.queryNodePage(com.demo.request.QueryGscPageRequest)
2018-08-27 15:37:11.836  INFO 1464 --- [main] s.w.s.m.m.a.RequestMappingHandlerMapping : Mapped "{[/gsc/updateNodePage],methods=[POST]}" onto public com.demo.reponse.ResponseVO com.demo.controller.GscController.updateNodePage(com.demo.request.UpdateGsc)
2018-08-27 15:37:11.836  INFO 1464 --- [main] s.w.s.m.m.a.RequestMappingHandlerMapping : Mapped "{[/gsc/deleteNode],methods=[POST]}" onto public com.demo.reponse.ResponseVO com.demo.controller.GscController.deleteNode(com.demo.request.GscRequest)
2018-08-27 15:37:11.836  INFO 1464 --- [main] s.w.s.m.m.a.RequestMappingHandlerMapping : Mapped "{[/gsc/queryNode],methods=[POST]}" onto public com.demo.reponse.ResponseVO<com.demo.request.UpdateGsc> com.demo.controller.GscController.queryNode(com.demo.request.GscRequest)
2018-08-27 15:37:11.838  INFO 1464 --- [main] s.w.s.m.m.a.RequestMappingHandlerMapping : Mapped "{[/error]}" onto public org.springframework.http.ResponseEntity<java.util.Map<java.lang.String, java.lang.Object>> org.springframework.boot.autoconfigure.web.servlet.error.BasicErrorController.error(javax.servlet.http.HttpServletRequest)
2018-08-27 15:37:11.838  INFO 1464 --- [main] s.w.s.m.m.a.RequestMappingHandlerMapping : Mapped "{[/error],produces=[text/html]}" onto public org.springframework.web.servlet.ModelAndView org.springframework.boot.autoconfigure.web.servlet.error.BasicErrorController.errorHtml(javax.servlet.http.HttpServletRequest,javax.servlet.http.HttpServletResponse)
2018-08-27 15:37:11.863  INFO 1464 --- [main] o.s.w.s.handler.SimpleUrlHandlerMapping  : Mapped URL path [/webjars/**] onto handler of type [class org.springframework.web.servlet.resource.ResourceHttpRequestHandler]
2018-08-27 15:37:11.863  INFO 1464 --- [main] o.s.w.s.handler.SimpleUrlHandlerMapping  : Mapped URL path [/**] onto handler of type [class org.springframework.web.servlet.resource.ResourceHttpRequestHandler]
2018-08-27 15:37:11.912  WARN 1464 --- [main] ion$DefaultTemplateResolverConfiguration : Cannot find template location: classpath:/templates/ (please add some templates or check your Thymeleaf configuration)
2018-08-27 15:37:12.143  INFO 1464 --- [main] o.s.j.e.a.AnnotationMBeanExporter        : Registering beans for JMX exposure on startup
2018-08-27 15:37:12.145  INFO 1464 --- [main] o.s.j.e.a.AnnotationMBeanExporter        : Bean with name 'dataSource' has been autodetected for JMX exposure
2018-08-27 15:37:12.150  INFO 1464 --- [main] o.s.j.e.a.AnnotationMBeanExporter        : Located MBean 'dataSource': registering with JMX server as MBean [com.alibaba.druid.pool:name=dataSource,type=DruidDataSource]
2018-08-27 15:37:12.187  INFO 1464 --- [main] o.s.b.w.embedded.tomcat.TomcatWebServer  : Tomcat started on port(s): 8080 (http) with context path '/demo'
2018-08-27 15:37:12.190  INFO 1464 --- [main] com.demo.DemoApplication                 : Started DemoApplication in 5.205 seconds (JVM running for 6.19)
2018-08-27 15:43:39.870  INFO 8532 --- [main] com.demo.DemoApplication                 : Starting DemoApplication on pcdalao-PC with PID 8532 (F:\code-demo\demo\target\classes started by pcdalao in F:\code-demo)
2018-08-27 15:43:39.874  INFO 8532 --- [main] com.demo.DemoApplication                 : No active profile set, falling back to default profiles: default
2018-08-27 15:43:39.913  INFO 8532 --- [main] ConfigServletWebServerApplicationContext : Refreshing org.springframework.boot.web.servlet.context.AnnotationConfigServletWebServerApplicationContext@512baff6: startup date [Mon Aug 27 15:43:39 CST 2018]; root of context hierarchy
2018-08-27 15:43:40.860  INFO 8532 --- [main] trationDelegate$BeanPostProcessorChecker : Bean 'org.springframework.transaction.annotation.ProxyTransactionManagementConfiguration' of type [org.springframework.transaction.annotation.ProxyTransactionManagementConfiguration$$EnhancerBySpringCGLIB$$13072ec5] is not eligible for getting processed by all BeanPostProcessors (for example: not eligible for auto-proxying)
2018-08-27 15:43:41.166  INFO 8532 --- [main] o.s.b.w.embedded.tomcat.TomcatWebServer  : Tomcat initialized with port(s): 8080 (http)
2018-08-27 15:43:41.185  INFO 8532 --- [main] o.apache.catalina.core.StandardService   : Starting service [Tomcat]
2018-08-27 15:43:41.185  INFO 8532 --- [main] org.apache.catalina.core.StandardEngine  : Starting Servlet Engine: Apache Tomcat/8.5.32
2018-08-27 15:43:41.188  INFO 8532 --- [localhost-startStop-1] o.a.catalina.core.AprLifecycleListener   : Loaded APR based Apache Tomcat Native library [1.2.17] using APR version [1.6.3].
2018-08-27 15:43:41.189  INFO 8532 --- [localhost-startStop-1] o.a.catalina.core.AprLifecycleListener   : APR capabilities: IPv6 [true], sendfile [true], accept filters [false], random [true].
2018-08-27 15:43:41.189  INFO 8532 --- [localhost-startStop-1] o.a.catalina.core.AprLifecycleListener   : APR/OpenSSL configuration: useAprConnector [false], useOpenSSL [true]
2018-08-27 15:43:42.223  INFO 8532 --- [localhost-startStop-1] o.a.catalina.core.AprLifecycleListener   : OpenSSL successfully initialized [OpenSSL 1.0.2o  27 Mar 2018]
2018-08-27 15:43:42.293  INFO 8532 --- [localhost-startStop-1] o.a.c.c.C.[Tomcat].[localhost].[/demo]   : Initializing Spring embedded WebApplicationContext
2018-08-27 15:43:42.294  INFO 8532 --- [localhost-startStop-1] o.s.web.context.ContextLoader            : Root WebApplicationContext: initialization completed in 2381 ms
2018-08-27 15:43:42.344  INFO 8532 --- [localhost-startStop-1] o.s.b.w.servlet.ServletRegistrationBean  : Servlet dispatcherServlet mapped to [/]
2018-08-27 15:43:42.349  INFO 8532 --- [localhost-startStop-1] o.s.b.w.servlet.FilterRegistrationBean   : Mapping filter: 'characterEncodingFilter' to: [/*]
2018-08-27 15:43:42.350  INFO 8532 --- [localhost-startStop-1] o.s.b.w.servlet.FilterRegistrationBean   : Mapping filter: 'hiddenHttpMethodFilter' to: [/*]
2018-08-27 15:43:42.350  INFO 8532 --- [localhost-startStop-1] o.s.b.w.servlet.FilterRegistrationBean   : Mapping filter: 'httpPutFormContentFilter' to: [/*]
2018-08-27 15:43:42.350  INFO 8532 --- [localhost-startStop-1] o.s.b.w.servlet.FilterRegistrationBean   : Mapping filter: 'requestContextFilter' to: [/*]
2018-08-27 15:43:42.524  INFO 8532 --- [main] com.alibaba.druid.pool.DruidDataSource   : {dataSource-1} inited
2018-08-27 15:43:42.928  INFO 8532 --- [main] j.LocalContainerEntityManagerFactoryBean : Building JPA container EntityManagerFactory for persistence unit 'default'
2018-08-27 15:43:42.936  INFO 8532 --- [main] o.hibernate.jpa.internal.util.LogHelper  : HHH000204: Processing PersistenceUnitInfo [
	name: default
	...]
2018-08-27 15:43:42.980  INFO 8532 --- [main] org.hibernate.Version                    : HHH000412: Hibernate Core {5.2.17.Final}
2018-08-27 15:43:42.982  INFO 8532 --- [main] org.hibernate.cfg.Environment            : HHH000206: hibernate.properties not found
2018-08-27 15:43:43.007  INFO 8532 --- [main] o.hibernate.annotations.common.Version   : HCANN000001: Hibernate Commons Annotations {5.0.1.Final}
2018-08-27 15:43:43.083  INFO 8532 --- [main] org.hibernate.dialect.Dialect            : HHH000400: Using dialect: org.hibernate.dialect.MySQL5Dialect
2018-08-27 15:43:43.406  INFO 8532 --- [main] j.LocalContainerEntityManagerFactoryBean : Initialized JPA EntityManagerFactory for persistence unit 'default'
2018-08-27 15:43:44.488  INFO 8532 --- [main] o.h.h.i.QueryTranslatorFactoryInitiator  : HHH000397: Using ASTQueryTranslatorFactory
2018-08-27 15:43:44.669  INFO 8532 --- [main] o.s.w.s.handler.SimpleUrlHandlerMapping  : Mapped URL path [/**/favicon.ico] onto handler of type [class org.springframework.web.servlet.resource.ResourceHttpRequestHandler]
2018-08-27 15:43:44.946  INFO 8532 --- [main] s.w.s.m.m.a.RequestMappingHandlerAdapter : Looking for @ControllerAdvice: org.springframework.boot.web.servlet.context.AnnotationConfigServletWebServerApplicationContext@512baff6: startup date [Mon Aug 27 15:43:39 CST 2018]; root of context hierarchy
2018-08-27 15:43:44.986  WARN 8532 --- [main] aWebConfiguration$JpaWebMvcConfiguration : spring.jpa.open-in-view is enabled by default. Therefore, database queries may be performed during view rendering. Explicitly configure spring.jpa.open-in-view to disable this warning
2018-08-27 15:43:45.029  INFO 8532 --- [main] s.w.s.m.m.a.RequestMappingHandlerMapping : Mapped "{[/gsc/addNode],methods=[POST]}" onto public com.demo.reponse.ResponseVO com.demo.controller.GscController.addNode(com.demo.request.AddGscRequest)
2018-08-27 15:43:45.032  INFO 8532 --- [main] s.w.s.m.m.a.RequestMappingHandlerMapping : Mapped "{[/gsc/queryNodePage],methods=[POST]}" onto public com.demo.reponse.ResponseVO<com.demo.reponse.gsc.QueryGscPageResponse> com.demo.controller.GscController.queryNodePage(com.demo.request.QueryGscPageRequest)
2018-08-27 15:43:45.033  INFO 8532 --- [main] s.w.s.m.m.a.RequestMappingHandlerMapping : Mapped "{[/gsc/updateNodePage],methods=[POST]}" onto public com.demo.reponse.ResponseVO com.demo.controller.GscController.updateNodePage(com.demo.request.UpdateGsc)
2018-08-27 15:43:45.033  INFO 8532 --- [main] s.w.s.m.m.a.RequestMappingHandlerMapping : Mapped "{[/gsc/deleteNode],methods=[POST]}" onto public com.demo.reponse.ResponseVO com.demo.controller.GscController.deleteNode(com.demo.request.GscRequest)
2018-08-27 15:43:45.033  INFO 8532 --- [main] s.w.s.m.m.a.RequestMappingHandlerMapping : Mapped "{[/gsc/queryNode],methods=[POST]}" onto public com.demo.reponse.ResponseVO<com.demo.request.UpdateGsc> com.demo.controller.GscController.queryNode(com.demo.request.GscRequest)
2018-08-27 15:43:45.036  INFO 8532 --- [main] s.w.s.m.m.a.RequestMappingHandlerMapping : Mapped "{[/error]}" onto public org.springframework.http.ResponseEntity<java.util.Map<java.lang.String, java.lang.Object>> org.springframework.boot.autoconfigure.web.servlet.error.BasicErrorController.error(javax.servlet.http.HttpServletRequest)
2018-08-27 15:43:45.037  INFO 8532 --- [main] s.w.s.m.m.a.RequestMappingHandlerMapping : Mapped "{[/error],produces=[text/html]}" onto public org.springframework.web.servlet.ModelAndView org.springframework.boot.autoconfigure.web.servlet.error.BasicErrorController.errorHtml(javax.servlet.http.HttpServletRequest,javax.servlet.http.HttpServletResponse)
2018-08-27 15:43:45.069  INFO 8532 --- [main] o.s.w.s.handler.SimpleUrlHandlerMapping  : Mapped URL path [/webjars/**] onto handler of type [class org.springframework.web.servlet.resource.ResourceHttpRequestHandler]
2018-08-27 15:43:45.069  INFO 8532 --- [main] o.s.w.s.handler.SimpleUrlHandlerMapping  : Mapped URL path [/**] onto handler of type [class org.springframework.web.servlet.resource.ResourceHttpRequestHandler]
2018-08-27 15:43:45.122  WARN 8532 --- [main] ion$DefaultTemplateResolverConfiguration : Cannot find template location: classpath:/templates/ (please add some templates or check your Thymeleaf configuration)
2018-08-27 15:43:45.422  INFO 8532 --- [main] o.s.j.e.a.AnnotationMBeanExporter        : Registering beans for JMX exposure on startup
2018-08-27 15:43:45.424  INFO 8532 --- [main] o.s.j.e.a.AnnotationMBeanExporter        : Bean with name 'dataSource' has been autodetected for JMX exposure
2018-08-27 15:43:45.430  INFO 8532 --- [main] o.s.j.e.a.AnnotationMBeanExporter        : Located MBean 'dataSource': registering with JMX server as MBean [com.alibaba.druid.pool:name=dataSource,type=DruidDataSource]
2018-08-27 15:43:45.477  INFO 8532 --- [main] o.s.b.w.embedded.tomcat.TomcatWebServer  : Tomcat started on port(s): 8080 (http) with context path '/demo'
2018-08-27 15:43:45.482  INFO 8532 --- [main] com.demo.DemoApplication                 : Started DemoApplication in 6.027 seconds (JVM running for 6.536)
2018-08-27 15:44:31.437  INFO 8532 --- [http-nio-8080-exec-1] o.a.c.c.C.[Tomcat].[localhost].[/demo]   : Initializing Spring FrameworkServlet 'dispatcherServlet'
2018-08-27 15:44:31.437  INFO 8532 --- [http-nio-8080-exec-1] o.s.web.servlet.DispatcherServlet        : FrameworkServlet 'dispatcherServlet': initialization started
2018-08-27 15:44:31.451  INFO 8532 --- [http-nio-8080-exec-1] o.s.web.servlet.DispatcherServlet        : FrameworkServlet 'dispatcherServlet': initialization completed in 14 ms
2018-08-27 15:45:11.516  INFO 364 --- [main] com.demo.DemoApplication                 : Starting DemoApplication on pcdalao-PC with PID 364 (F:\code-demo\demo\target\classes started by pcdalao in F:\code-demo)
2018-08-27 15:45:11.518  INFO 364 --- [main] com.demo.DemoApplication                 : No active profile set, falling back to default profiles: default
2018-08-27 15:45:11.559  INFO 364 --- [main] ConfigServletWebServerApplicationContext : Refreshing org.springframework.boot.web.servlet.context.AnnotationConfigServletWebServerApplicationContext@512baff6: startup date [Mon Aug 27 15:45:11 CST 2018]; root of context hierarchy
2018-08-27 15:45:12.327  INFO 364 --- [main] trationDelegate$BeanPostProcessorChecker : Bean 'org.springframework.transaction.annotation.ProxyTransactionManagementConfiguration' of type [org.springframework.transaction.annotation.ProxyTransactionManagementConfiguration$$EnhancerBySpringCGLIB$$ab148a9] is not eligible for getting processed by all BeanPostProcessors (for example: not eligible for auto-proxying)
2018-08-27 15:45:12.599  INFO 364 --- [main] o.s.b.w.embedded.tomcat.TomcatWebServer  : Tomcat initialized with port(s): 8080 (http)
2018-08-27 15:45:12.614  INFO 364 --- [main] o.apache.catalina.core.StandardService   : Starting service [Tomcat]
2018-08-27 15:45:12.614  INFO 364 --- [main] org.apache.catalina.core.StandardEngine  : Starting Servlet Engine: Apache Tomcat/8.5.32
2018-08-27 15:45:12.618  INFO 364 --- [localhost-startStop-1] o.a.catalina.core.AprLifecycleListener   : Loaded APR based Apache Tomcat Native library [1.2.17] using APR version [1.6.3].
2018-08-27 15:45:12.618  INFO 364 --- [localhost-startStop-1] o.a.catalina.core.AprLifecycleListener   : APR capabilities: IPv6 [true], sendfile [true], accept filters [false], random [true].
2018-08-27 15:45:12.618  INFO 364 --- [localhost-startStop-1] o.a.catalina.core.AprLifecycleListener   : APR/OpenSSL configuration: useAprConnector [false], useOpenSSL [true]
2018-08-27 15:45:13.652  INFO 364 --- [localhost-startStop-1] o.a.catalina.core.AprLifecycleListener   : OpenSSL successfully initialized [OpenSSL 1.0.2o  27 Mar 2018]
2018-08-27 15:45:13.710  INFO 364 --- [localhost-startStop-1] o.a.c.c.C.[Tomcat].[localhost].[/demo]   : Initializing Spring embedded WebApplicationContext
2018-08-27 15:45:13.710  INFO 364 --- [localhost-startStop-1] o.s.web.context.ContextLoader            : Root WebApplicationContext: initialization completed in 2151 ms
2018-08-27 15:45:13.752  INFO 364 --- [localhost-startStop-1] o.s.b.w.servlet.ServletRegistrationBean  : Servlet dispatcherServlet mapped to [/]
2018-08-27 15:45:13.755  INFO 364 --- [localhost-startStop-1] o.s.b.w.servlet.FilterRegistrationBean   : Mapping filter: 'characterEncodingFilter' to: [/*]
2018-08-27 15:45:13.756  INFO 364 --- [localhost-startStop-1] o.s.b.w.servlet.FilterRegistrationBean   : Mapping filter: 'hiddenHttpMethodFilter' to: [/*]
2018-08-27 15:45:13.756  INFO 364 --- [localhost-startStop-1] o.s.b.w.servlet.FilterRegistrationBean   : Mapping filter: 'httpPutFormContentFilter' to: [/*]
2018-08-27 15:45:13.756  INFO 364 --- [localhost-startStop-1] o.s.b.w.servlet.FilterRegistrationBean   : Mapping filter: 'requestContextFilter' to: [/*]
2018-08-27 15:45:13.902  INFO 364 --- [main] com.alibaba.druid.pool.DruidDataSource   : {dataSource-1} inited
2018-08-27 15:45:14.262  INFO 364 --- [main] j.LocalContainerEntityManagerFactoryBean : Building JPA container EntityManagerFactory for persistence unit 'default'
2018-08-27 15:45:14.270  INFO 364 --- [main] o.hibernate.jpa.internal.util.LogHelper  : HHH000204: Processing PersistenceUnitInfo [
	name: default
	...]
2018-08-27 15:45:14.316  INFO 364 --- [main] org.hibernate.Version                    : HHH000412: Hibernate Core {5.2.17.Final}
2018-08-27 15:45:14.317  INFO 364 --- [main] org.hibernate.cfg.Environment            : HHH000206: hibernate.properties not found
2018-08-27 15:45:14.341  INFO 364 --- [main] o.hibernate.annotations.common.Version   : HCANN000001: Hibernate Commons Annotations {5.0.1.Final}
2018-08-27 15:45:14.412  INFO 364 --- [main] org.hibernate.dialect.Dialect            : HHH000400: Using dialect: org.hibernate.dialect.MySQL5Dialect
2018-08-27 15:45:14.694  INFO 364 --- [main] j.LocalContainerEntityManagerFactoryBean : Initialized JPA EntityManagerFactory for persistence unit 'default'
2018-08-27 15:45:15.413  INFO 364 --- [main] o.h.h.i.QueryTranslatorFactoryInitiator  : HHH000397: Using ASTQueryTranslatorFactory
2018-08-27 15:45:15.560  INFO 364 --- [main] o.s.w.s.handler.SimpleUrlHandlerMapping  : Mapped URL path [/**/favicon.ico] onto handler of type [class org.springframework.web.servlet.resource.ResourceHttpRequestHandler]
2018-08-27 15:45:15.777  INFO 364 --- [main] s.w.s.m.m.a.RequestMappingHandlerAdapter : Looking for @ControllerAdvice: org.springframework.boot.web.servlet.context.AnnotationConfigServletWebServerApplicationContext@512baff6: startup date [Mon Aug 27 15:45:11 CST 2018]; root of context hierarchy
2018-08-27 15:45:15.808  WARN 364 --- [main] aWebConfiguration$JpaWebMvcConfiguration : spring.jpa.open-in-view is enabled by default. Therefore, database queries may be performed during view rendering. Explicitly configure spring.jpa.open-in-view to disable this warning
2018-08-27 15:45:15.844  INFO 364 --- [main] s.w.s.m.m.a.RequestMappingHandlerMapping : Mapped "{[/gsc/addNode],methods=[POST]}" onto public com.demo.reponse.ResponseVO com.demo.controller.GscController.addNode(com.demo.request.AddGscRequest)
2018-08-27 15:45:15.846  INFO 364 --- [main] s.w.s.m.m.a.RequestMappingHandlerMapping : Mapped "{[/gsc/queryNodePage],methods=[POST]}" onto public com.demo.reponse.ResponseVO<com.demo.reponse.gsc.QueryGscPageResponse> com.demo.controller.GscController.queryNodePage(com.demo.request.QueryGscPageRequest)
2018-08-27 15:45:15.846  INFO 364 --- [main] s.w.s.m.m.a.RequestMappingHandlerMapping : Mapped "{[/gsc/updateNodePage],methods=[POST]}" onto public com.demo.reponse.ResponseVO com.demo.controller.GscController.updateNodePage(com.demo.request.UpdateGsc)
2018-08-27 15:45:15.847  INFO 364 --- [main] s.w.s.m.m.a.RequestMappingHandlerMapping : Mapped "{[/gsc/deleteNode],methods=[POST]}" onto public com.demo.reponse.ResponseVO com.demo.controller.GscController.deleteNode(com.demo.request.GscRequest)
2018-08-27 15:45:15.847  INFO 364 --- [main] s.w.s.m.m.a.RequestMappingHandlerMapping : Mapped "{[/gsc/queryNode],methods=[POST]}" onto public com.demo.reponse.ResponseVO<com.demo.request.UpdateGsc> com.demo.controller.GscController.queryNode(com.demo.request.GscRequest)
2018-08-27 15:45:15.848  INFO 364 --- [main] s.w.s.m.m.a.RequestMappingHandlerMapping : Mapped "{[/error]}" onto public org.springframework.http.ResponseEntity<java.util.Map<java.lang.String, java.lang.Object>> org.springframework.boot.autoconfigure.web.servlet.error.BasicErrorController.error(javax.servlet.http.HttpServletRequest)
2018-08-27 15:45:15.849  INFO 364 --- [main] s.w.s.m.m.a.RequestMappingHandlerMapping : Mapped "{[/error],produces=[text/html]}" onto public org.springframework.web.servlet.ModelAndView org.springframework.boot.autoconfigure.web.servlet.error.BasicErrorController.errorHtml(javax.servlet.http.HttpServletRequest,javax.servlet.http.HttpServletResponse)
2018-08-27 15:45:15.875  INFO 364 --- [main] o.s.w.s.handler.SimpleUrlHandlerMapping  : Mapped URL path [/webjars/**] onto handler of type [class org.springframework.web.servlet.resource.ResourceHttpRequestHandler]
2018-08-27 15:45:15.875  INFO 364 --- [main] o.s.w.s.handler.SimpleUrlHandlerMapping  : Mapped URL path [/**] onto handler of type [class org.springframework.web.servlet.resource.ResourceHttpRequestHandler]
2018-08-27 15:45:15.920  WARN 364 --- [main] ion$DefaultTemplateResolverConfiguration : Cannot find template location: classpath:/templates/ (please add some templates or check your Thymeleaf configuration)
2018-08-27 15:45:16.176  INFO 364 --- [main] o.s.j.e.a.AnnotationMBeanExporter        : Registering beans for JMX exposure on startup
2018-08-27 15:45:16.177  INFO 364 --- [main] o.s.j.e.a.AnnotationMBeanExporter        : Bean with name 'dataSource' has been autodetected for JMX exposure
2018-08-27 15:45:16.182  INFO 364 --- [main] o.s.j.e.a.AnnotationMBeanExporter        : Located MBean 'dataSource': registering with JMX server as MBean [com.alibaba.druid.pool:name=dataSource,type=DruidDataSource]
2018-08-27 15:45:16.216  INFO 364 --- [main] o.s.b.w.embedded.tomcat.TomcatWebServer  : Tomcat started on port(s): 8080 (http) with context path '/demo'
2018-08-27 15:45:16.219  INFO 364 --- [main] com.demo.DemoApplication                 : Started DemoApplication in 4.986 seconds (JVM running for 5.437)
2018-08-27 15:45:20.276  INFO 364 --- [http-nio-8080-exec-2] o.a.c.c.C.[Tomcat].[localhost].[/demo]   : Initializing Spring FrameworkServlet 'dispatcherServlet'
2018-08-27 15:45:20.276  INFO 364 --- [http-nio-8080-exec-2] o.s.web.servlet.DispatcherServlet        : FrameworkServlet 'dispatcherServlet': initialization started
2018-08-27 15:45:20.292  INFO 364 --- [http-nio-8080-exec-2] o.s.web.servlet.DispatcherServlet        : FrameworkServlet 'dispatcherServlet': initialization completed in 16 ms
2018-08-27 15:45:30.637  INFO 9140 --- [main] com.demo.DemoApplication                 : Starting DemoApplication on pcdalao-PC with PID 9140 (F:\code-demo\demo\target\classes started by pcdalao in F:\code-demo)
2018-08-27 15:45:30.640  INFO 9140 --- [main] com.demo.DemoApplication                 : No active profile set, falling back to default profiles: default
2018-08-27 15:45:30.674  INFO 9140 --- [main] ConfigServletWebServerApplicationContext : Refreshing org.springframework.boot.web.servlet.context.AnnotationConfigServletWebServerApplicationContext@512baff6: startup date [Mon Aug 27 15:45:30 CST 2018]; root of context hierarchy
2018-08-27 15:45:31.470  INFO 9140 --- [main] trationDelegate$BeanPostProcessorChecker : Bean 'org.springframework.transaction.annotation.ProxyTransactionManagementConfiguration' of type [org.springframework.transaction.annotation.ProxyTransactionManagementConfiguration$$EnhancerBySpringCGLIB$$754b6a6c] is not eligible for getting processed by all BeanPostProcessors (for example: not eligible for auto-proxying)
2018-08-27 15:45:31.726  INFO 9140 --- [main] o.s.b.w.embedded.tomcat.TomcatWebServer  : Tomcat initialized with port(s): 8080 (http)
2018-08-27 15:45:31.742  INFO 9140 --- [main] o.apache.catalina.core.StandardService   : Starting service [Tomcat]
2018-08-27 15:45:31.742  INFO 9140 --- [main] org.apache.catalina.core.StandardEngine  : Starting Servlet Engine: Apache Tomcat/8.5.32
2018-08-27 15:45:31.745  INFO 9140 --- [localhost-startStop-1] o.a.catalina.core.AprLifecycleListener   : Loaded APR based Apache Tomcat Native library [1.2.17] using APR version [1.6.3].
2018-08-27 15:45:31.745  INFO 9140 --- [localhost-startStop-1] o.a.catalina.core.AprLifecycleListener   : APR capabilities: IPv6 [true], sendfile [true], accept filters [false], random [true].
2018-08-27 15:45:31.746  INFO 9140 --- [localhost-startStop-1] o.a.catalina.core.AprLifecycleListener   : APR/OpenSSL configuration: useAprConnector [false], useOpenSSL [true]
2018-08-27 15:45:32.778  INFO 9140 --- [localhost-startStop-1] o.a.catalina.core.AprLifecycleListener   : OpenSSL successfully initialized [OpenSSL 1.0.2o  27 Mar 2018]
2018-08-27 15:45:32.844  INFO 9140 --- [localhost-startStop-1] o.a.c.c.C.[Tomcat].[localhost].[/demo]   : Initializing Spring embedded WebApplicationContext
2018-08-27 15:45:32.844  INFO 9140 --- [localhost-startStop-1] o.s.web.context.ContextLoader            : Root WebApplicationContext: initialization completed in 2170 ms
2018-08-27 15:45:32.888  INFO 9140 --- [localhost-startStop-1] o.s.b.w.servlet.ServletRegistrationBean  : Servlet dispatcherServlet mapped to [/]
2018-08-27 15:45:32.891  INFO 9140 --- [localhost-startStop-1] o.s.b.w.servlet.FilterRegistrationBean   : Mapping filter: 'characterEncodingFilter' to: [/*]
2018-08-27 15:45:32.891  INFO 9140 --- [localhost-startStop-1] o.s.b.w.servlet.FilterRegistrationBean   : Mapping filter: 'hiddenHttpMethodFilter' to: [/*]
2018-08-27 15:45:32.891  INFO 9140 --- [localhost-startStop-1] o.s.b.w.servlet.FilterRegistrationBean   : Mapping filter: 'httpPutFormContentFilter' to: [/*]
2018-08-27 15:45:32.891  INFO 9140 --- [localhost-startStop-1] o.s.b.w.servlet.FilterRegistrationBean   : Mapping filter: 'requestContextFilter' to: [/*]
2018-08-27 15:45:33.052  INFO 9140 --- [main] com.alibaba.druid.pool.DruidDataSource   : {dataSource-1} inited
2018-08-27 15:45:33.413  INFO 9140 --- [main] j.LocalContainerEntityManagerFactoryBean : Building JPA container EntityManagerFactory for persistence unit 'default'
2018-08-27 15:45:33.421  INFO 9140 --- [main] o.hibernate.jpa.internal.util.LogHelper  : HHH000204: Processing PersistenceUnitInfo [
	name: default
	...]
2018-08-27 15:45:33.465  INFO 9140 --- [main] org.hibernate.Version                    : HHH000412: Hibernate Core {5.2.17.Final}
2018-08-27 15:45:33.466  INFO 9140 --- [main] org.hibernate.cfg.Environment            : HHH000206: hibernate.properties not found
2018-08-27 15:45:33.491  INFO 9140 --- [main] o.hibernate.annotations.common.Version   : HCANN000001: Hibernate Commons Annotations {5.0.1.Final}
2018-08-27 15:45:33.562  INFO 9140 --- [main] org.hibernate.dialect.Dialect            : HHH000400: Using dialect: org.hibernate.dialect.MySQL5Dialect
2018-08-27 15:45:33.840  INFO 9140 --- [main] j.LocalContainerEntityManagerFactoryBean : Initialized JPA EntityManagerFactory for persistence unit 'default'
2018-08-27 15:45:34.480  INFO 9140 --- [main] o.h.h.i.QueryTranslatorFactoryInitiator  : HHH000397: Using ASTQueryTranslatorFactory
2018-08-27 15:45:34.622  INFO 9140 --- [main] o.s.w.s.handler.SimpleUrlHandlerMapping  : Mapped URL path [/**/favicon.ico] onto handler of type [class org.springframework.web.servlet.resource.ResourceHttpRequestHandler]
2018-08-27 15:45:34.829  INFO 9140 --- [main] s.w.s.m.m.a.RequestMappingHandlerAdapter : Looking for @ControllerAdvice: org.springframework.boot.web.servlet.context.AnnotationConfigServletWebServerApplicationContext@512baff6: startup date [Mon Aug 27 15:45:30 CST 2018]; root of context hierarchy
2018-08-27 15:45:34.861  WARN 9140 --- [main] aWebConfiguration$JpaWebMvcConfiguration : spring.jpa.open-in-view is enabled by default. Therefore, database queries may be performed during view rendering. Explicitly configure spring.jpa.open-in-view to disable this warning
2018-08-27 15:45:34.897  INFO 9140 --- [main] s.w.s.m.m.a.RequestMappingHandlerMapping : Mapped "{[/gsc/addNode],methods=[POST]}" onto public com.demo.reponse.ResponseVO com.demo.controller.GscController.addNode(com.demo.request.AddGscRequest)
2018-08-27 15:45:34.899  INFO 9140 --- [main] s.w.s.m.m.a.RequestMappingHandlerMapping : Mapped "{[/gsc/queryNodePage],methods=[POST]}" onto public com.demo.reponse.ResponseVO<com.demo.reponse.gsc.QueryGscPageResponse> com.demo.controller.GscController.queryNodePage(com.demo.request.QueryGscPageRequest)
2018-08-27 15:45:34.899  INFO 9140 --- [main] s.w.s.m.m.a.RequestMappingHandlerMapping : Mapped "{[/gsc/updateNodePage],methods=[POST]}" onto public com.demo.reponse.ResponseVO com.demo.controller.GscController.updateNodePage(com.demo.request.UpdateGsc)
2018-08-27 15:45:34.899  INFO 9140 --- [main] s.w.s.m.m.a.RequestMappingHandlerMapping : Mapped "{[/gsc/deleteNode],methods=[POST]}" onto public com.demo.reponse.ResponseVO com.demo.controller.GscController.deleteNode(com.demo.request.GscRequest)
2018-08-27 15:45:34.899  INFO 9140 --- [main] s.w.s.m.m.a.RequestMappingHandlerMapping : Mapped "{[/gsc/queryNode],methods=[POST]}" onto public com.demo.reponse.ResponseVO<com.demo.request.UpdateGsc> com.demo.controller.GscController.queryNode(com.demo.request.GscRequest)
2018-08-27 15:45:34.901  INFO 9140 --- [main] s.w.s.m.m.a.RequestMappingHandlerMapping : Mapped "{[/error]}" onto public org.springframework.http.ResponseEntity<java.util.Map<java.lang.String, java.lang.Object>> org.springframework.boot.autoconfigure.web.servlet.error.BasicErrorController.error(javax.servlet.http.HttpServletRequest)
2018-08-27 15:45:34.902  INFO 9140 --- [main] s.w.s.m.m.a.RequestMappingHandlerMapping : Mapped "{[/error],produces=[text/html]}" onto public org.springframework.web.servlet.ModelAndView org.springframework.boot.autoconfigure.web.servlet.error.BasicErrorController.errorHtml(javax.servlet.http.HttpServletRequest,javax.servlet.http.HttpServletResponse)
2018-08-27 15:45:34.929  INFO 9140 --- [main] o.s.w.s.handler.SimpleUrlHandlerMapping  : Mapped URL path [/webjars/**] onto handler of type [class org.springframework.web.servlet.resource.ResourceHttpRequestHandler]
2018-08-27 15:45:34.929  INFO 9140 --- [main] o.s.w.s.handler.SimpleUrlHandlerMapping  : Mapped URL path [/**] onto handler of type [class org.springframework.web.servlet.resource.ResourceHttpRequestHandler]
2018-08-27 15:45:34.978  WARN 9140 --- [main] ion$DefaultTemplateResolverConfiguration : Cannot find template location: classpath:/templates/ (please add some templates or check your Thymeleaf configuration)
2018-08-27 15:45:35.242  INFO 9140 --- [main] o.s.j.e.a.AnnotationMBeanExporter        : Registering beans for JMX exposure on startup
2018-08-27 15:45:35.244  INFO 9140 --- [main] o.s.j.e.a.AnnotationMBeanExporter        : Bean with name 'dataSource' has been autodetected for JMX exposure
2018-08-27 15:45:35.250  INFO 9140 --- [main] o.s.j.e.a.AnnotationMBeanExporter        : Located MBean 'dataSource': registering with JMX server as MBean [com.alibaba.druid.pool:name=dataSource,type=DruidDataSource]
2018-08-27 15:45:35.285  INFO 9140 --- [main] o.s.b.w.embedded.tomcat.TomcatWebServer  : Tomcat started on port(s): 8080 (http) with context path '/demo'
2018-08-27 15:45:35.288  INFO 9140 --- [main] com.demo.DemoApplication                 : Started DemoApplication in 4.951 seconds (JVM running for 5.42)
2018-08-27 15:45:37.899  INFO 9140 --- [http-nio-8080-exec-1] o.a.c.c.C.[Tomcat].[localhost].[/demo]   : Initializing Spring FrameworkServlet 'dispatcherServlet'
2018-08-27 15:45:37.899  INFO 9140 --- [http-nio-8080-exec-1] o.s.web.servlet.DispatcherServlet        : FrameworkServlet 'dispatcherServlet': initialization started
2018-08-27 15:45:37.912  INFO 9140 --- [http-nio-8080-exec-1] o.s.web.servlet.DispatcherServlet        : FrameworkServlet 'dispatcherServlet': initialization completed in 13 ms
2018-08-27 17:46:30.027  INFO 5752 --- [main] com.demo.DemoApplication                 : Starting DemoApplication on pcdalao-PC with PID 5752 (F:\code-demo\demo\target\classes started by pcdalao in F:\code-demo)
2018-08-27 17:46:30.030  INFO 5752 --- [main] com.demo.DemoApplication                 : No active profile set, falling back to default profiles: default
2018-08-27 17:46:30.062  INFO 5752 --- [main] ConfigServletWebServerApplicationContext : Refreshing org.springframework.boot.web.servlet.context.AnnotationConfigServletWebServerApplicationContext@55141def: startup date [Mon Aug 27 17:46:30 CST 2018]; root of context hierarchy
2018-08-27 17:46:30.787  INFO 5752 --- [main] trationDelegate$BeanPostProcessorChecker : Bean 'org.springframework.transaction.annotation.ProxyTransactionManagementConfiguration' of type [org.springframework.transaction.annotation.ProxyTransactionManagementConfiguration$$EnhancerBySpringCGLIB$$20a4b686] is not eligible for getting processed by all BeanPostProcessors (for example: not eligible for auto-proxying)
2018-08-27 17:46:31.002  INFO 5752 --- [main] o.s.b.w.embedded.tomcat.TomcatWebServer  : Tomcat initialized with port(s): 8080 (http)
2018-08-27 17:46:31.019  INFO 5752 --- [main] o.apache.catalina.core.StandardService   : Starting service [Tomcat]
2018-08-27 17:46:31.020  INFO 5752 --- [main] org.apache.catalina.core.StandardEngine  : Starting Servlet Engine: Apache Tomcat/8.5.32
2018-08-27 17:46:31.022  INFO 5752 --- [localhost-startStop-1] o.a.catalina.core.AprLifecycleListener   : Loaded APR based Apache Tomcat Native library [1.2.17] using APR version [1.6.3].
2018-08-27 17:46:31.023  INFO 5752 --- [localhost-startStop-1] o.a.catalina.core.AprLifecycleListener   : APR capabilities: IPv6 [true], sendfile [true], accept filters [false], random [true].
2018-08-27 17:46:31.023  INFO 5752 --- [localhost-startStop-1] o.a.catalina.core.AprLifecycleListener   : APR/OpenSSL configuration: useAprConnector [false], useOpenSSL [true]
2018-08-27 17:46:32.063  INFO 5752 --- [localhost-startStop-1] o.a.catalina.core.AprLifecycleListener   : OpenSSL successfully initialized [OpenSSL 1.0.2o  27 Mar 2018]
2018-08-27 17:46:32.118  INFO 5752 --- [localhost-startStop-1] o.a.c.c.C.[Tomcat].[localhost].[/demo]   : Initializing Spring embedded WebApplicationContext
2018-08-27 17:46:32.118  INFO 5752 --- [localhost-startStop-1] o.s.web.context.ContextLoader            : Root WebApplicationContext: initialization completed in 2056 ms
2018-08-27 17:46:32.155  INFO 5752 --- [localhost-startStop-1] o.s.b.w.servlet.ServletRegistrationBean  : Servlet dispatcherServlet mapped to [/]
2018-08-27 17:46:32.158  INFO 5752 --- [localhost-startStop-1] o.s.b.w.servlet.FilterRegistrationBean   : Mapping filter: 'characterEncodingFilter' to: [/*]
2018-08-27 17:46:32.158  INFO 5752 --- [localhost-startStop-1] o.s.b.w.servlet.FilterRegistrationBean   : Mapping filter: 'hiddenHttpMethodFilter' to: [/*]
2018-08-27 17:46:32.158  INFO 5752 --- [localhost-startStop-1] o.s.b.w.servlet.FilterRegistrationBean   : Mapping filter: 'httpPutFormContentFilter' to: [/*]
2018-08-27 17:46:32.158  INFO 5752 --- [localhost-startStop-1] o.s.b.w.servlet.FilterRegistrationBean   : Mapping filter: 'requestContextFilter' to: [/*]
2018-08-27 17:46:32.289  INFO 5752 --- [main] com.alibaba.druid.pool.DruidDataSource   : {dataSource-1} inited
2018-08-27 17:46:32.608  INFO 5752 --- [main] j.LocalContainerEntityManagerFactoryBean : Building JPA container EntityManagerFactory for persistence unit 'default'
2018-08-27 17:46:32.616  INFO 5752 --- [main] o.hibernate.jpa.internal.util.LogHelper  : HHH000204: Processing PersistenceUnitInfo [
	name: default
	...]
2018-08-27 17:46:32.653  INFO 5752 --- [main] org.hibernate.Version                    : HHH000412: Hibernate Core {5.2.17.Final}
2018-08-27 17:46:32.654  INFO 5752 --- [main] org.hibernate.cfg.Environment            : HHH000206: hibernate.properties not found
2018-08-27 17:46:32.674  INFO 5752 --- [main] o.hibernate.annotations.common.Version   : HCANN000001: Hibernate Commons Annotations {5.0.1.Final}
2018-08-27 17:46:32.733  INFO 5752 --- [main] org.hibernate.dialect.Dialect            : HHH000400: Using dialect: org.hibernate.dialect.MySQL5Dialect
2018-08-27 17:46:32.968  INFO 5752 --- [main] j.LocalContainerEntityManagerFactoryBean : Initialized JPA EntityManagerFactory for persistence unit 'default'
2018-08-27 17:46:33.117  INFO 5752 --- [main] o.h.h.i.QueryTranslatorFactoryInitiator  : HHH000397: Using ASTQueryTranslatorFactory
2018-08-27 17:46:33.210  INFO 5752 --- [main] o.s.w.s.handler.SimpleUrlHandlerMapping  : Mapped URL path [/**/favicon.ico] onto handler of type [class org.springframework.web.servlet.resource.ResourceHttpRequestHandler]
2018-08-27 17:46:33.350  INFO 5752 --- [main] s.w.s.m.m.a.RequestMappingHandlerAdapter : Looking for @ControllerAdvice: org.springframework.boot.web.servlet.context.AnnotationConfigServletWebServerApplicationContext@55141def: startup date [Mon Aug 27 17:46:30 CST 2018]; root of context hierarchy
2018-08-27 17:46:33.370  WARN 5752 --- [main] aWebConfiguration$JpaWebMvcConfiguration : spring.jpa.open-in-view is enabled by default. Therefore, database queries may be performed during view rendering. Explicitly configure spring.jpa.open-in-view to disable this warning
2018-08-27 17:46:33.392  INFO 5752 --- [main] s.w.s.m.m.a.RequestMappingHandlerMapping : Mapped "{[/gsc/deleteNode],methods=[POST]}" onto public com.demo.reponse.ResponseVO com.demo.controller.GscController.deleteNode(com.demo.request.GscRequest)
2018-08-27 17:46:33.393  INFO 5752 --- [main] s.w.s.m.m.a.RequestMappingHandlerMapping : Mapped "{[/gsc/queryNode],methods=[POST]}" onto public com.demo.reponse.ResponseVO<com.demo.request.UpdateGsc> com.demo.controller.GscController.queryNode(com.demo.request.GscRequest)
2018-08-27 17:46:33.393  INFO 5752 --- [main] s.w.s.m.m.a.RequestMappingHandlerMapping : Mapped "{[/gsc/queryNodePage],methods=[POST]}" onto public com.demo.reponse.ResponseVO<com.demo.reponse.gsc.QueryGscPageResponse> com.demo.controller.GscController.queryNodePage(com.demo.request.QueryGscPageRequest)
2018-08-27 17:46:33.393  INFO 5752 --- [main] s.w.s.m.m.a.RequestMappingHandlerMapping : Mapped "{[/gsc/updateNodePage],methods=[POST]}" onto public com.demo.reponse.ResponseVO com.demo.controller.GscController.updateNodePage(com.demo.request.UpdateGsc)
2018-08-27 17:46:33.394  INFO 5752 --- [main] s.w.s.m.m.a.RequestMappingHandlerMapping : Mapped "{[/gsc/addNode],methods=[POST]}" onto public com.demo.reponse.ResponseVO com.demo.controller.GscController.addNode(com.demo.request.AddGscRequest)
2018-08-27 17:46:33.395  INFO 5752 --- [main] s.w.s.m.m.a.RequestMappingHandlerMapping : Mapped "{[/error]}" onto public org.springframework.http.ResponseEntity<java.util.Map<java.lang.String, java.lang.Object>> org.springframework.boot.autoconfigure.web.servlet.error.BasicErrorController.error(javax.servlet.http.HttpServletRequest)
2018-08-27 17:46:33.395  INFO 5752 --- [main] s.w.s.m.m.a.RequestMappingHandlerMapping : Mapped "{[/error],produces=[text/html]}" onto public org.springframework.web.servlet.ModelAndView org.springframework.boot.autoconfigure.web.servlet.error.BasicErrorController.errorHtml(javax.servlet.http.HttpServletRequest,javax.servlet.http.HttpServletResponse)
2018-08-27 17:46:33.412  INFO 5752 --- [main] o.s.w.s.handler.SimpleUrlHandlerMapping  : Mapped URL path [/webjars/**] onto handler of type [class org.springframework.web.servlet.resource.ResourceHttpRequestHandler]
2018-08-27 17:46:33.412  INFO 5752 --- [main] o.s.w.s.handler.SimpleUrlHandlerMapping  : Mapped URL path [/**] onto handler of type [class org.springframework.web.servlet.resource.ResourceHttpRequestHandler]
2018-08-27 17:46:33.446  WARN 5752 --- [main] ion$DefaultTemplateResolverConfiguration : Cannot find template location: classpath:/templates/ (please add some templates or check your Thymeleaf configuration)
2018-08-27 17:46:33.614  INFO 5752 --- [main] o.s.j.e.a.AnnotationMBeanExporter        : Registering beans for JMX exposure on startup
2018-08-27 17:46:33.615  INFO 5752 --- [main] o.s.j.e.a.AnnotationMBeanExporter        : Bean with name 'dataSource' has been autodetected for JMX exposure
2018-08-27 17:46:33.619  INFO 5752 --- [main] o.s.j.e.a.AnnotationMBeanExporter        : Located MBean 'dataSource': registering with JMX server as MBean [com.alibaba.druid.pool:name=dataSource,type=DruidDataSource]
2018-08-27 17:46:33.641  INFO 5752 --- [main] o.s.b.w.embedded.tomcat.TomcatWebServer  : Tomcat started on port(s): 8080 (http) with context path '/demo'
2018-08-27 17:46:33.643  INFO 5752 --- [main] com.demo.DemoApplication                 : Started DemoApplication in 3.883 seconds (JVM running for 4.329)
